#
# There is insufficient memory for the Java Runtime Environment to continue.
# Native memory allocation (malloc) failed to allocate 2097152 bytes for AllocateHeap
# Possible reasons:
#   The system is out of physical RAM or swap space
#   The process is running with CompressedOops enabled, and the Java Heap may be blocking the growth of the native heap
# Possible solutions:
#   Reduce memory load on the system
#   Increase physical memory or swap space
#   Check if swap backing store is full
#   Decrease Java heap size (-Xmx/-Xms)
#   Decrease number of Java threads
#   Decrease Java thread stack sizes (-Xss)
#   Set larger code cache with -XX:ReservedCodeCacheSize=
#   JVM is running with Unscaled Compressed Oops mode in which the Java heap is
#     placed in the first 4GB address space. The Java Heap base address is the
#     maximum limit for the native heap growth. Please use -XX:HeapBaseMinAddress
#     to set the Java Heap base and to place the Java Heap above 4GB virtual address.
# This output file may be truncated or incomplete.
#
#  Out of Memory Error (allocation.cpp:44), pid=16064, tid=16100
#
# JRE version: OpenJDK Runtime Environment Temurin-17.0.5+8 (17.0.5+8) (build 17.0.5+8)
# Java VM: OpenJDK 64-Bit Server VM Temurin-17.0.5+8 (17.0.5+8, mixed mode, emulated-client, tiered, compressed oops, compressed class ptrs, g1 gc, windows-amd64)
# No core dump will be written. Minidumps are not enabled by default on client versions of Windows
#

---------------  S U M M A R Y ------------

Command Line: -XX:+HeapDumpOnOutOfMemoryError -Xmx1024m -Dsts.lsp.client=vscode -Dsts.log.file=/dev/null -XX:TieredStopAtLevel=1 -Xlog:jni+resolve=off -Dspring.config.location=file:c:\Users\rober\.vscode\extensions\vmware.vscode-spring-boot-1.44.0\language-server\BOOT-INF\classes\application.properties org.springframework.ide.vscode.boot.app.BootLanguageServerBootApp

Host: AMD Ryzen 5 3500U with Radeon Vega Mobile Gfx  , 8 cores, 5G,  Windows 10 , 64 bit Build 19041 (10.0.19041.2364)
Time: Mon Feb  6 22:09:32 2023 SA Pacific Standard Time elapsed time: 93041.896350 seconds (1d 1h 50m 41s)

---------------  T H R E A D  ---------------

Current thread (0x0000022a38ed0f00):  VMThread "VM Thread" [stack: 0x000000baad600000,0x000000baad700000] [id=16100]

Stack: [0x000000baad600000,0x000000baad700000]
Native frames: (J=compiled Java code, j=interpreted, Vv=VM code, C=native code)
V  [jvm.dll+0x676b3a]
V  [jvm.dll+0x831444]
V  [jvm.dll+0x832bee]
V  [jvm.dll+0x833253]
V  [jvm.dll+0x244ce5]
V  [jvm.dll+0xa631f]
V  [jvm.dll+0x2f4f91]
V  [jvm.dll+0x2f0c10]
V  [jvm.dll+0x2d92f7]
V  [jvm.dll+0x31c3b7]
V  [jvm.dll+0x8376fb]
V  [jvm.dll+0x838434]
V  [jvm.dll+0x83894c]
V  [jvm.dll+0x838d24]
V  [jvm.dll+0x838df0]
V  [jvm.dll+0x7e17ea]
V  [jvm.dll+0x6759e5]
C  [ucrtbase.dll+0x21bb2]
C  [KERNEL32.DLL+0x17614]
C  [ntdll.dll+0x526a1]

VM_Operation (0x000000baaeffebb0): G1CollectFull, mode: safepoint, requested by thread 0x0000022a3ae6b910


---------------  P R O C E S S  ---------------

Threads class SMR info:
_java_thread_list=0x0000022a3dce6ca0, length=28, elements={
0x0000022a38eeb380, 0x0000022a38eec990, 0x0000022a38f19800, 0x0000022a38f1c480,
0x0000022a38f1e240, 0x0000022a38f1ebf0, 0x0000022a38f1fdf0, 0x0000022a38f20f80,
0x0000022a39ad72c0, 0x0000022a39ae1360, 0x0000022a3a930eb0, 0x0000022a3ae6b440,
0x0000022a3ae6b910, 0x0000022a3ae6c810, 0x0000022a2e1339a0, 0x0000022a39a8ded0,
0x0000022a3af81f90, 0x0000022a3a8c3540, 0x0000022a3a8c3a10, 0x0000022a3b238d60,
0x0000022a3b2383c0, 0x0000022a3b23a0a0, 0x0000022a3a8c6090, 0x0000022a3a8c5bc0,
0x0000022a3a8c6560, 0x0000022a3a8c6a30, 0x0000022a4a1033d0, 0x0000022a4a0ff070
}

Java Threads: ( => current thread )
  0x0000022a38eeb380 JavaThread "Reference Handler" daemon [_thread_blocked, id=9344, stack(0x000000baad700000,0x000000baad800000)]
  0x0000022a38eec990 JavaThread "Finalizer" daemon [_thread_blocked, id=16340, stack(0x000000baad800000,0x000000baad900000)]
  0x0000022a38f19800 JavaThread "Signal Dispatcher" daemon [_thread_blocked, id=16004, stack(0x000000baad900000,0x000000baada00000)]
  0x0000022a38f1c480 JavaThread "Attach Listener" daemon [_thread_blocked, id=11048, stack(0x000000baada00000,0x000000baadb00000)]
  0x0000022a38f1e240 JavaThread "Service Thread" daemon [_thread_blocked, id=16264, stack(0x000000baadb00000,0x000000baadc00000)]
  0x0000022a38f1ebf0 JavaThread "Monitor Deflation Thread" daemon [_thread_blocked, id=7384, stack(0x000000baadc00000,0x000000baadd00000)]
  0x0000022a38f1fdf0 JavaThread "C1 CompilerThread0" daemon [_thread_blocked, id=13104, stack(0x000000baadd00000,0x000000baade00000)]
  0x0000022a38f20f80 JavaThread "Sweeper thread" daemon [_thread_blocked, id=16272, stack(0x000000baade00000,0x000000baadf00000)]
  0x0000022a39ad72c0 JavaThread "Notification Thread" daemon [_thread_blocked, id=15984, stack(0x000000baadf00000,0x000000baae000000)]
  0x0000022a39ae1360 JavaThread "Common-Cleaner" daemon [_thread_blocked, id=12004, stack(0x000000baae100000,0x000000baae200000)]
  0x0000022a3a930eb0 JavaThread "boundedElastic-evictor-1" daemon [_thread_blocked, id=11380, stack(0x000000baaed00000,0x000000baaee00000)]
  0x0000022a3ae6b440 JavaThread "boundedElastic-evictor-2" daemon [_thread_blocked, id=16368, stack(0x000000baaee00000,0x000000baaef00000)]
  0x0000022a3ae6b910 JavaThread "pool-10-thread-1" [_thread_blocked, id=5012, stack(0x000000baaef00000,0x000000baaf000000)]
  0x0000022a3ae6c810 JavaThread "LanguageServerApp-lifecycle" [_thread_blocked, id=11004, stack(0x000000baaf000000,0x000000baaf100000)]
  0x0000022a2e1339a0 JavaThread "DestroyJavaVM" [_thread_blocked, id=16088, stack(0x000000baad000000,0x000000baad100000)]
  0x0000022a39a8ded0 JavaThread "pool-11-thread-1" [_thread_in_native, id=16344, stack(0x000000baaf100000,0x000000baaf200000)]
  0x0000022a3af81f90 JavaThread "Simple-Language-Server main thread" daemon [_thread_blocked, id=16288, stack(0x000000baaf200000,0x000000baaf300000)]
  0x0000022a3a8c3540 JavaThread "pool-6-thread-1" [_thread_blocked, id=16316, stack(0x000000baaf600000,0x000000baaf700000)]
  0x0000022a3a8c3a10 JavaThread "parallel-1" daemon [_thread_blocked, id=15532, stack(0x000000baaf800000,0x000000baaf900000)]
  0x0000022a3b238d60 JavaThread "pool-4-thread-1" [_thread_blocked, id=15476, stack(0x000000bab0a00000,0x000000bab0b00000)]
  0x0000022a3b2383c0 JavaThread "parallel-2" daemon [_thread_blocked, id=14732, stack(0x000000bab0b00000,0x000000bab0c00000)]
  0x0000022a3b23a0a0 JavaThread "parallel-3" daemon [_thread_blocked, id=3504, stack(0x000000bab0d00000,0x000000bab0e00000)]
  0x0000022a3a8c6090 JavaThread "parallel-4" daemon [_thread_blocked, id=15792, stack(0x000000baafb00000,0x000000baafc00000)]
  0x0000022a3a8c5bc0 JavaThread "parallel-5" daemon [_thread_blocked, id=15856, stack(0x000000baafc00000,0x000000baafd00000)]
  0x0000022a3a8c6560 JavaThread "parallel-6" daemon [_thread_blocked, id=11096, stack(0x000000baafd00000,0x000000baafe00000)]
  0x0000022a3a8c6a30 JavaThread "Reconciler-1" daemon [_thread_blocked, id=15664, stack(0x000000baafe00000,0x000000baaff00000)]
  0x0000022a4a1033d0 JavaThread "parallel-7" daemon [_thread_blocked, id=12548, stack(0x000000baacf00000,0x000000baad000000)]
  0x0000022a4a0ff070 JavaThread "parallel-8" daemon [_thread_blocked, id=15552, stack(0x000000baae800000,0x000000baae900000)]

Other Threads:
=>0x0000022a38ed0f00 VMThread "VM Thread" [stack: 0x000000baad600000,0x000000baad700000] [id=16100]
  0x0000022a39adb7a0 WatcherThread [stack: 0x000000baae000000,0x000000baae100000] [id=16188]
  0x0000022a2e174d20 GCTaskThread "GC Thread#0" [stack: 0x000000baad100000,0x000000baad200000] [id=15472]
  0x0000022a3a6573e0 GCTaskThread "GC Thread#1" [stack: 0x000000baae400000,0x000000baae500000] [id=16032]
  0x0000022a3a6acf00 GCTaskThread "GC Thread#2" [stack: 0x000000baae500000,0x000000baae600000] [id=16028]
  0x0000022a3a6ad1b0 GCTaskThread "GC Thread#3" [stack: 0x000000baae600000,0x000000baae700000] [id=16008]
  0x0000022a3a6ad870 GCTaskThread "GC Thread#4" [stack: 0x000000baae700000,0x000000baae800000] [id=16024]
  0x0000022a39f9f490 GCTaskThread "GC Thread#5" [stack: 0x000000baae900000,0x000000baaea00000] [id=15120]
  0x0000022a39f9f740 GCTaskThread "GC Thread#6" [stack: 0x000000baaea00000,0x000000baaeb00000] [id=15440]
  0x0000022a39f9f9f0 GCTaskThread "GC Thread#7" [stack: 0x000000baaeb00000,0x000000baaec00000] [id=1664]
  0x0000022a2e17dc60 ConcurrentGCThread "G1 Main Marker" [stack: 0x000000baad200000,0x000000baad300000] [id=11960]
  0x0000022a2e17e670 ConcurrentGCThread "G1 Conc#0" [stack: 0x000000baad300000,0x000000baad400000] [id=16352]
  0x0000022a3aa479d0 ConcurrentGCThread "G1 Conc#1" [stack: 0x000000baae200000,0x000000baae300000] [id=9312]
  0x0000022a2e1ed780 ConcurrentGCThread "G1 Refine#0" [stack: 0x000000baad400000,0x000000baad500000] [id=16312]
  0x0000022a3d7858c0 ConcurrentGCThread "G1 Refine#1" [stack: 0x000000bab0e00000,0x000000bab0f00000] [id=14244]
  0x0000022a3dc64940 ConcurrentGCThread "G1 Refine#2" [stack: 0x000000bab1200000,0x000000bab1300000] [id=15644]
  0x0000022a3dc64660 ConcurrentGCThread "G1 Refine#3" [stack: 0x000000baacd00000,0x000000baace00000] [id=13876]
  0x0000022a3dc654c0 ConcurrentGCThread "G1 Refine#4" [stack: 0x000000bab1400000,0x000000bab1500000] [id=15376]
  0x0000022a3dc64f00 ConcurrentGCThread "G1 Refine#5" [stack: 0x000000baaf900000,0x000000baafa00000] [id=10948]
  0x0000022a2e1ee1a0 ConcurrentGCThread "G1 Service" [stack: 0x000000baad500000,0x000000baad600000] [id=1412]

Threads with active compile tasks:

VM state: at safepoint (normal execution)

VM Mutex/Monitor currently owned by a thread:  ([mutex/lock_event])
[0x0000022a2be4d080] Threads_lock - owner thread: 0x0000022a38ed0f00
[0x0000022a2e131690] Heap_lock - owner thread: 0x0000022a3ae6b910

Heap address: 0x00000000c0000000, size: 1024 MB, Compressed Oops mode: 32-bit

CDS archive(s) not mapped
Compressed class space mapped at: 0x0000000100000000-0x0000000140000000, reserved size: 1073741824
Narrow klass base: 0x0000000000000000, Narrow klass shift: 3, Narrow klass range: 0x140000000

GC Precious Log:
 CPUs: 8 total, 8 available
 Memory: 6091M
 Large Page Support: Disabled
 NUMA Support: Disabled
 Compressed Oops: Enabled (32-bit)
 Heap Region Size: 1M
 Heap Min Capacity: 8M
 Heap Initial Capacity: 96M
 Heap Max Capacity: 1G
 Pre-touch: Disabled
 Parallel Workers: 8
 Concurrent Workers: 2
 Concurrent Refinement Workers: 8
 Periodic GC: Disabled

Heap:
 garbage-first heap   total 239616K, used 85123K [0x00000000c0000000, 0x0000000100000000)
  region size 1024K, 1 young (1024K), 0 survivors (0K)
 Metaspace       used 69418K, committed 69888K, reserved 1114112K
  class space    used 9389K, committed 9600K, reserved 1048576K

Heap Regions: E=young(eden), S=young(survivor), O=old, HS=humongous(starts), HC=humongous(continues), CS=collection set, F=free, OA=open archive, CA=closed archive, TAMS=top-at-mark-start (previous, next)
|   0|0x00000000c0000000, 0x00000000c0100000, 0x00000000c0100000|100%| O|  |TAMS 0x00000000c0100000, 0x00000000c0000000| Untracked 
|   1|0x00000000c0100000, 0x00000000c01fff48, 0x00000000c0200000| 99%| O|  |TAMS 0x00000000c01fff48, 0x00000000c0100000| Untracked 
|   2|0x00000000c0200000, 0x00000000c0300000, 0x00000000c0300000|100%| O|  |TAMS 0x00000000c0300000, 0x00000000c0200000| Untracked 
|   3|0x00000000c0300000, 0x00000000c0400000, 0x00000000c0400000|100%| O|  |TAMS 0x00000000c0400000, 0x00000000c0300000| Untracked 
|   4|0x00000000c0400000, 0x00000000c04ffff0, 0x00000000c0500000| 99%| O|  |TAMS 0x00000000c04ffff0, 0x00000000c0400000| Untracked 
|   5|0x00000000c0500000, 0x00000000c05ffff0, 0x00000000c0600000| 99%| O|  |TAMS 0x00000000c05ffff0, 0x00000000c0500000| Untracked 
|   6|0x00000000c0600000, 0x00000000c0700000, 0x00000000c0700000|100%| O|  |TAMS 0x00000000c0700000, 0x00000000c0600000| Untracked 
|   7|0x00000000c0700000, 0x00000000c07fffc0, 0x00000000c0800000| 99%| O|  |TAMS 0x00000000c07fffc0, 0x00000000c0700000| Untracked 
|   8|0x00000000c0800000, 0x00000000c08ffff8, 0x00000000c0900000| 99%| O|  |TAMS 0x00000000c08ffff8, 0x00000000c0800000| Untracked 
|   9|0x00000000c0900000, 0x00000000c09ffff0, 0x00000000c0a00000| 99%| O|  |TAMS 0x00000000c09ffff0, 0x00000000c0900000| Untracked 
|  10|0x00000000c0a00000, 0x00000000c0b00000, 0x00000000c0b00000|100%|HS|  |TAMS 0x00000000c0b00000, 0x00000000c0a00000| Untracked 
|  11|0x00000000c0b00000, 0x00000000c0bfffd8, 0x00000000c0c00000| 99%| O|  |TAMS 0x00000000c0bfffd8, 0x00000000c0b00000| Untracked 
|  12|0x00000000c0c00000, 0x00000000c0d00000, 0x00000000c0d00000|100%| O|  |TAMS 0x00000000c0d00000, 0x00000000c0c00000| Untracked 
|  13|0x00000000c0d00000, 0x00000000c0dffff8, 0x00000000c0e00000| 99%| O|  |TAMS 0x00000000c0dffff8, 0x00000000c0d00000| Untracked 
|  14|0x00000000c0e00000, 0x00000000c0efffe8, 0x00000000c0f00000| 99%| O|  |TAMS 0x00000000c0efffe8, 0x00000000c0e00000| Untracked 
|  15|0x00000000c0f00000, 0x00000000c0ffffe8, 0x00000000c1000000| 99%| O|  |TAMS 0x00000000c0ffffe8, 0x00000000c0f00000| Untracked 
|  16|0x00000000c1000000, 0x00000000c10fd648, 0x00000000c1100000| 98%| O|  |TAMS 0x00000000c10fd648, 0x00000000c1000000| Untracked 
|  17|0x00000000c1100000, 0x00000000c11fff20, 0x00000000c1200000| 99%| O|  |TAMS 0x00000000c11fff20, 0x00000000c1100000| Untracked 
|  18|0x00000000c1200000, 0x00000000c12fffe0, 0x00000000c1300000| 99%| O|  |TAMS 0x00000000c12fffe0, 0x00000000c1200000| Untracked 
|  19|0x00000000c1300000, 0x00000000c13fffd8, 0x00000000c1400000| 99%| O|  |TAMS 0x00000000c13fffd8, 0x00000000c1300000| Untracked 
|  20|0x00000000c1400000, 0x00000000c1500000, 0x00000000c1500000|100%| O|  |TAMS 0x00000000c1500000, 0x00000000c1400000| Untracked 
|  21|0x00000000c1500000, 0x00000000c15fffb8, 0x00000000c1600000| 99%| O|  |TAMS 0x00000000c15fffb8, 0x00000000c1500000| Untracked 
|  22|0x00000000c1600000, 0x00000000c16fffe0, 0x00000000c1700000| 99%| O|  |TAMS 0x00000000c16fffe0, 0x00000000c1600000| Untracked 
|  23|0x00000000c1700000, 0x00000000c17ffff0, 0x00000000c1800000| 99%| O|  |TAMS 0x00000000c17ffff0, 0x00000000c1700000| Untracked 
|  24|0x00000000c1800000, 0x00000000c1900000, 0x00000000c1900000|100%| O|  |TAMS 0x00000000c1900000, 0x00000000c1800000| Untracked 
|  25|0x00000000c1900000, 0x00000000c19fffc8, 0x00000000c1a00000| 99%| O|  |TAMS 0x00000000c19fffc8, 0x00000000c1900000| Untracked 
|  26|0x00000000c1a00000, 0x00000000c1afc090, 0x00000000c1b00000| 98%| O|  |TAMS 0x00000000c1afc090, 0x00000000c1a00000| Untracked 
|  27|0x00000000c1b00000, 0x00000000c1bfffd8, 0x00000000c1c00000| 99%| O|  |TAMS 0x00000000c1bfffd8, 0x00000000c1b00000| Untracked 
|  28|0x00000000c1c00000, 0x00000000c1cfffe8, 0x00000000c1d00000| 99%| O|  |TAMS 0x00000000c1cfffe8, 0x00000000c1c00000| Untracked 
|  29|0x00000000c1d00000, 0x00000000c1dfffa8, 0x00000000c1e00000| 99%| O|  |TAMS 0x00000000c1dfffa8, 0x00000000c1d00000| Untracked 
|  30|0x00000000c1e00000, 0x00000000c1efffd8, 0x00000000c1f00000| 99%| O|  |TAMS 0x00000000c1efffd8, 0x00000000c1e00000| Untracked 
|  31|0x00000000c1f00000, 0x00000000c1fffff0, 0x00000000c2000000| 99%| O|  |TAMS 0x00000000c1fffff0, 0x00000000c1f00000| Untracked 
|  32|0x00000000c2000000, 0x00000000c20fffe0, 0x00000000c2100000| 99%| O|  |TAMS 0x00000000c20fffe0, 0x00000000c2000000| Untracked 
|  33|0x00000000c2100000, 0x00000000c21ffff8, 0x00000000c2200000| 99%| O|  |TAMS 0x00000000c21ffff8, 0x00000000c2100000| Untracked 
|  34|0x00000000c2200000, 0x00000000c2300000, 0x00000000c2300000|100%| O|  |TAMS 0x00000000c2300000, 0x00000000c2200000| Untracked 
|  35|0x00000000c2300000, 0x00000000c23ffd58, 0x00000000c2400000| 99%| O|  |TAMS 0x00000000c23ffd58, 0x00000000c2300000| Untracked 
|  36|0x00000000c2400000, 0x00000000c24fffd0, 0x00000000c2500000| 99%| O|  |TAMS 0x00000000c24fffd0, 0x00000000c2400000| Untracked 
|  37|0x00000000c2500000, 0x00000000c25fffe0, 0x00000000c2600000| 99%| O|  |TAMS 0x00000000c25fffe0, 0x00000000c2500000| Untracked 
|  38|0x00000000c2600000, 0x00000000c26ffff0, 0x00000000c2700000| 99%| O|  |TAMS 0x00000000c26ffff0, 0x00000000c2600000| Untracked 
|  39|0x00000000c2700000, 0x00000000c27ffff8, 0x00000000c2800000| 99%| O|  |TAMS 0x00000000c27ffff8, 0x00000000c2700000| Untracked 
|  40|0x00000000c2800000, 0x00000000c28ffff8, 0x00000000c2900000| 99%| O|  |TAMS 0x00000000c28ffff8, 0x00000000c2800000| Untracked 
|  41|0x00000000c2900000, 0x00000000c29fffe8, 0x00000000c2a00000| 99%| O|  |TAMS 0x00000000c29fffe8, 0x00000000c2900000| Untracked 
|  42|0x00000000c2a00000, 0x00000000c2affff0, 0x00000000c2b00000| 99%| O|  |TAMS 0x00000000c2affff0, 0x00000000c2a00000| Untracked 
|  43|0x00000000c2b00000, 0x00000000c2bfffb8, 0x00000000c2c00000| 99%| O|  |TAMS 0x00000000c2bfffb8, 0x00000000c2b00000| Untracked 
|  44|0x00000000c2c00000, 0x00000000c2d00000, 0x00000000c2d00000|100%| O|  |TAMS 0x00000000c2d00000, 0x00000000c2c00000| Untracked 
|  45|0x00000000c2d00000, 0x00000000c2dfe800, 0x00000000c2e00000| 99%| O|  |TAMS 0x00000000c2dfe800, 0x00000000c2d00000| Untracked 
|  46|0x00000000c2e00000, 0x00000000c2efffe8, 0x00000000c2f00000| 99%| O|  |TAMS 0x00000000c2efffe8, 0x00000000c2e00000| Untracked 
|  47|0x00000000c2f00000, 0x00000000c2fffff0, 0x00000000c3000000| 99%| O|  |TAMS 0x00000000c2fffff0, 0x00000000c2f00000| Untracked 
|  48|0x00000000c3000000, 0x00000000c3100000, 0x00000000c3100000|100%| O|  |TAMS 0x00000000c3100000, 0x00000000c3000000| Untracked 
|  49|0x00000000c3100000, 0x00000000c31fffd8, 0x00000000c3200000| 99%| O|  |TAMS 0x00000000c31fffd8, 0x00000000c3100000| Untracked 
|  50|0x00000000c3200000, 0x00000000c32ffff0, 0x00000000c3300000| 99%| O|  |TAMS 0x00000000c32ffff0, 0x00000000c3200000| Untracked 
|  51|0x00000000c3300000, 0x00000000c3400000, 0x00000000c3400000|100%| O|  |TAMS 0x00000000c3400000, 0x00000000c3300000| Untracked 
|  52|0x00000000c3400000, 0x00000000c34f5b50, 0x00000000c3500000| 95%| O|  |TAMS 0x00000000c34f5b50, 0x00000000c3400000| Untracked 
|  53|0x00000000c3500000, 0x00000000c3600000, 0x00000000c3600000|100%| O|  |TAMS 0x00000000c3600000, 0x00000000c3500000| Untracked 
|  54|0x00000000c3600000, 0x00000000c36ffff8, 0x00000000c3700000| 99%| O|  |TAMS 0x00000000c36ffff8, 0x00000000c3600000| Untracked 
|  55|0x00000000c3700000, 0x00000000c37ffff0, 0x00000000c3800000| 99%| O|  |TAMS 0x00000000c37ffff0, 0x00000000c3700000| Untracked 
|  56|0x00000000c3800000, 0x00000000c3900000, 0x00000000c3900000|100%| O|  |TAMS 0x00000000c3900000, 0x00000000c3800000| Untracked 
|  57|0x00000000c3900000, 0x00000000c39fffa0, 0x00000000c3a00000| 99%| O|  |TAMS 0x00000000c39fffa0, 0x00000000c3900000| Untracked 
|  58|0x00000000c3a00000, 0x00000000c3b00000, 0x00000000c3b00000|100%| O|  |TAMS 0x00000000c3b00000, 0x00000000c3a00000| Untracked 
|  59|0x00000000c3b00000, 0x00000000c3bffff0, 0x00000000c3c00000| 99%| O|  |TAMS 0x00000000c3bffff0, 0x00000000c3b00000| Untracked 
|  60|0x00000000c3c00000, 0x00000000c3d00000, 0x00000000c3d00000|100%| O|  |TAMS 0x00000000c3d00000, 0x00000000c3c00000| Untracked 
|  61|0x00000000c3d00000, 0x00000000c3e00000, 0x00000000c3e00000|100%| O|  |TAMS 0x00000000c3e00000, 0x00000000c3d00000| Untracked 
|  62|0x00000000c3e00000, 0x00000000c3effff8, 0x00000000c3f00000| 99%| O|  |TAMS 0x00000000c3effff8, 0x00000000c3e00000| Untracked 
|  63|0x00000000c3f00000, 0x00000000c4000000, 0x00000000c4000000|100%| O|  |TAMS 0x00000000c4000000, 0x00000000c3f00000| Untracked 
|  64|0x00000000c4000000, 0x00000000c4100000, 0x00000000c4100000|100%| O|  |TAMS 0x00000000c4100000, 0x00000000c4000000| Untracked 
|  65|0x00000000c4100000, 0x00000000c41fffe0, 0x00000000c4200000| 99%| O|  |TAMS 0x00000000c41fffe0, 0x00000000c4100000| Untracked 
|  66|0x00000000c4200000, 0x00000000c4300000, 0x00000000c4300000|100%| O|  |TAMS 0x00000000c4300000, 0x00000000c4200000| Untracked 
|  67|0x00000000c4300000, 0x00000000c4400000, 0x00000000c4400000|100%| O|  |TAMS 0x00000000c4400000, 0x00000000c4300000| Untracked 
|  68|0x00000000c4400000, 0x00000000c4500000, 0x00000000c4500000|100%| O|  |TAMS 0x00000000c4500000, 0x00000000c4400000| Untracked 
|  69|0x00000000c4500000, 0x00000000c45ffff0, 0x00000000c4600000| 99%| O|  |TAMS 0x00000000c45ffff0, 0x00000000c4500000| Untracked 
|  70|0x00000000c4600000, 0x00000000c4700000, 0x00000000c4700000|100%| O|  |TAMS 0x00000000c4700000, 0x00000000c4600000| Untracked 
|  71|0x00000000c4700000, 0x00000000c4800000, 0x00000000c4800000|100%| O|  |TAMS 0x00000000c4800000, 0x00000000c4700000| Untracked 
|  72|0x00000000c4800000, 0x00000000c48fffd0, 0x00000000c4900000| 99%| O|  |TAMS 0x00000000c48fffd0, 0x00000000c4800000| Untracked 
|  73|0x00000000c4900000, 0x00000000c49ffe40, 0x00000000c4a00000| 99%| O|  |TAMS 0x00000000c49ffe40, 0x00000000c4900000| Untracked 
|  74|0x00000000c4a00000, 0x00000000c4adc530, 0x00000000c4b00000| 86%| O|  |TAMS 0x00000000c4a00000, 0x00000000c4a00000| Untracked 
|  75|0x00000000c4b00000, 0x00000000c4b57b38, 0x00000000c4c00000| 34%| O|  |TAMS 0x00000000c4b00000, 0x00000000c4b00000| Untracked 
|  76|0x00000000c4c00000, 0x00000000c4c00088, 0x00000000c4d00000|  0%| O|  |TAMS 0x00000000c4c00000, 0x00000000c4c00000| Untracked 
|  77|0x00000000c4d00000, 0x00000000c4d00000, 0x00000000c4e00000|  0%| F|  |TAMS 0x00000000c4d00000, 0x00000000c4d00000| Untracked 
|  78|0x00000000c4e00000, 0x00000000c4e00000, 0x00000000c4f00000|  0%| F|  |TAMS 0x00000000c4e00000, 0x00000000c4e00000| Untracked 
|  79|0x00000000c4f00000, 0x00000000c4f00000, 0x00000000c5000000|  0%| F|  |TAMS 0x00000000c4f00000, 0x00000000c4f00000| Untracked 
|  80|0x00000000c5000000, 0x00000000c5000000, 0x00000000c5100000|  0%| F|  |TAMS 0x00000000c5000000, 0x00000000c5000000| Untracked 
|  81|0x00000000c5100000, 0x00000000c5100000, 0x00000000c5200000|  0%| F|  |TAMS 0x00000000c5100000, 0x00000000c5100000| Untracked 
|  82|0x00000000c5200000, 0x00000000c5200000, 0x00000000c5300000|  0%| F|  |TAMS 0x00000000c5200000, 0x00000000c5200000| Untracked 
|  83|0x00000000c5300000, 0x00000000c5300000, 0x00000000c5400000|  0%| F|  |TAMS 0x00000000c5300000, 0x00000000c5300000| Untracked 
|  84|0x00000000c5400000, 0x00000000c5400000, 0x00000000c5500000|  0%| F|  |TAMS 0x00000000c5400000, 0x00000000c5400000| Untracked 
|  85|0x00000000c5500000, 0x00000000c5500000, 0x00000000c5600000|  0%| F|  |TAMS 0x00000000c5500000, 0x00000000c5500000| Untracked 
|  86|0x00000000c5600000, 0x00000000c5600000, 0x00000000c5700000|  0%| F|  |TAMS 0x00000000c5600000, 0x00000000c5600000| Untracked 
|  87|0x00000000c5700000, 0x00000000c5700000, 0x00000000c5800000|  0%| F|  |TAMS 0x00000000c5700000, 0x00000000c5700000| Untracked 
|  88|0x00000000c5800000, 0x00000000c5800000, 0x00000000c5900000|  0%| F|  |TAMS 0x00000000c5800000, 0x00000000c5800000| Untracked 
|  89|0x00000000c5900000, 0x00000000c5900000, 0x00000000c5a00000|  0%| F|  |TAMS 0x00000000c5900000, 0x00000000c5900000| Untracked 
|  90|0x00000000c5a00000, 0x00000000c5a00000, 0x00000000c5b00000|  0%| F|  |TAMS 0x00000000c5a00000, 0x00000000c5a00000| Untracked 
|  91|0x00000000c5b00000, 0x00000000c5b00000, 0x00000000c5c00000|  0%| F|  |TAMS 0x00000000c5b00000, 0x00000000c5b00000| Untracked 
|  92|0x00000000c5c00000, 0x00000000c5c00000, 0x00000000c5d00000|  0%| F|  |TAMS 0x00000000c5c00000, 0x00000000c5c00000| Untracked 
|  93|0x00000000c5d00000, 0x00000000c5d00000, 0x00000000c5e00000|  0%| F|  |TAMS 0x00000000c5d00000, 0x00000000c5d00000| Untracked 
|  94|0x00000000c5e00000, 0x00000000c5e00000, 0x00000000c5f00000|  0%| F|  |TAMS 0x00000000c5e00000, 0x00000000c5e00000| Untracked 
|  95|0x00000000c5f00000, 0x00000000c5f00000, 0x00000000c6000000|  0%| F|  |TAMS 0x00000000c5f00000, 0x00000000c5f00000| Untracked 
|  96|0x00000000c6000000, 0x00000000c6000000, 0x00000000c6100000|  0%| F|  |TAMS 0x00000000c6000000, 0x00000000c6000000| Untracked 
|  97|0x00000000c6100000, 0x00000000c6100000, 0x00000000c6200000|  0%| F|  |TAMS 0x00000000c6100000, 0x00000000c6100000| Untracked 
|  98|0x00000000c6200000, 0x00000000c6200000, 0x00000000c6300000|  0%| F|  |TAMS 0x00000000c6200000, 0x00000000c6200000| Untracked 
|  99|0x00000000c6300000, 0x00000000c6300000, 0x00000000c6400000|  0%| F|  |TAMS 0x00000000c6300000, 0x00000000c6300000| Untracked 
| 100|0x00000000c6400000, 0x00000000c6400000, 0x00000000c6500000|  0%| F|  |TAMS 0x00000000c6400000, 0x00000000c6400000| Untracked 
| 101|0x00000000c6500000, 0x00000000c6500000, 0x00000000c6600000|  0%| F|  |TAMS 0x00000000c6500000, 0x00000000c6500000| Untracked 
| 102|0x00000000c6600000, 0x00000000c6600000, 0x00000000c6700000|  0%| F|  |TAMS 0x00000000c6600000, 0x00000000c6600000| Untracked 
| 103|0x00000000c6700000, 0x00000000c6700000, 0x00000000c6800000|  0%| F|  |TAMS 0x00000000c6700000, 0x00000000c6700000| Untracked 
| 104|0x00000000c6800000, 0x00000000c6800000, 0x00000000c6900000|  0%| F|  |TAMS 0x00000000c6800000, 0x00000000c6800000| Untracked 
| 105|0x00000000c6900000, 0x00000000c6900000, 0x00000000c6a00000|  0%| F|  |TAMS 0x00000000c6900000, 0x00000000c6900000| Untracked 
| 106|0x00000000c6a00000, 0x00000000c6a00000, 0x00000000c6b00000|  0%| F|  |TAMS 0x00000000c6a00000, 0x00000000c6a00000| Untracked 
| 107|0x00000000c6b00000, 0x00000000c6b00000, 0x00000000c6c00000|  0%| F|  |TAMS 0x00000000c6b00000, 0x00000000c6b00000| Untracked 
| 108|0x00000000c6c00000, 0x00000000c6c00000, 0x00000000c6d00000|  0%| F|  |TAMS 0x00000000c6c00000, 0x00000000c6c00000| Untracked 
| 109|0x00000000c6d00000, 0x00000000c6d00000, 0x00000000c6e00000|  0%| F|  |TAMS 0x00000000c6d00000, 0x00000000c6d00000| Untracked 
| 110|0x00000000c6e00000, 0x00000000c6e00000, 0x00000000c6f00000|  0%| F|  |TAMS 0x00000000c6e00000, 0x00000000c6e00000| Untracked 
| 111|0x00000000c6f00000, 0x00000000c6f00000, 0x00000000c7000000|  0%| F|  |TAMS 0x00000000c6f00000, 0x00000000c6f00000| Untracked 
| 112|0x00000000c7000000, 0x00000000c7100000, 0x00000000c7100000|100%| O|  |TAMS 0x00000000c7100000, 0x00000000c7000000| Untracked 
| 113|0x00000000c7100000, 0x00000000c7200000, 0x00000000c7200000|100%| O|  |TAMS 0x00000000c7200000, 0x00000000c7100000| Untracked 
| 114|0x00000000c7200000, 0x00000000c7200000, 0x00000000c7300000|  0%| F|  |TAMS 0x00000000c7200000, 0x00000000c7200000| Untracked 
| 115|0x00000000c7300000, 0x00000000c7300000, 0x00000000c7400000|  0%| F|  |TAMS 0x00000000c7300000, 0x00000000c7300000| Untracked 
| 116|0x00000000c7400000, 0x00000000c7400000, 0x00000000c7500000|  0%| F|  |TAMS 0x00000000c7400000, 0x00000000c7400000| Untracked 
| 117|0x00000000c7500000, 0x00000000c7500000, 0x00000000c7600000|  0%| F|  |TAMS 0x00000000c7500000, 0x00000000c7500000| Untracked 
| 118|0x00000000c7600000, 0x00000000c7600000, 0x00000000c7700000|  0%| F|  |TAMS 0x00000000c7600000, 0x00000000c7600000| Untracked 
| 119|0x00000000c7700000, 0x00000000c7700000, 0x00000000c7800000|  0%| F|  |TAMS 0x00000000c7700000, 0x00000000c7700000| Untracked 
| 120|0x00000000c7800000, 0x00000000c7800000, 0x00000000c7900000|  0%| F|  |TAMS 0x00000000c7800000, 0x00000000c7800000| Untracked 
| 121|0x00000000c7900000, 0x00000000c7900000, 0x00000000c7a00000|  0%| F|  |TAMS 0x00000000c7900000, 0x00000000c7900000| Untracked 
| 122|0x00000000c7a00000, 0x00000000c7a00000, 0x00000000c7b00000|  0%| F|  |TAMS 0x00000000c7a00000, 0x00000000c7a00000| Untracked 
| 123|0x00000000c7b00000, 0x00000000c7c00000, 0x00000000c7c00000|100%| O|  |TAMS 0x00000000c7c00000, 0x00000000c7b00000| Untracked 
| 124|0x00000000c7c00000, 0x00000000c7d00000, 0x00000000c7d00000|100%|HS|  |TAMS 0x00000000c7d00000, 0x00000000c7c00000| Untracked 
| 125|0x00000000c7d00000, 0x00000000c7d00000, 0x00000000c7e00000|  0%| F|  |TAMS 0x00000000c7d00000, 0x00000000c7d00000| Untracked 
| 126|0x00000000c7e00000, 0x00000000c7e00000, 0x00000000c7f00000|  0%| F|  |TAMS 0x00000000c7e00000, 0x00000000c7e00000| Untracked 
| 127|0x00000000c7f00000, 0x00000000c7f00000, 0x00000000c8000000|  0%| F|  |TAMS 0x00000000c7f00000, 0x00000000c7f00000| Untracked 
| 128|0x00000000c8000000, 0x00000000c8000000, 0x00000000c8100000|  0%| F|  |TAMS 0x00000000c8000000, 0x00000000c8000000| Untracked 
| 129|0x00000000c8100000, 0x00000000c8100000, 0x00000000c8200000|  0%| F|  |TAMS 0x00000000c8100000, 0x00000000c8100000| Untracked 
| 130|0x00000000c8200000, 0x00000000c8200000, 0x00000000c8300000|  0%| F|  |TAMS 0x00000000c8200000, 0x00000000c8200000| Untracked 
| 131|0x00000000c8300000, 0x00000000c8300000, 0x00000000c8400000|  0%| F|  |TAMS 0x00000000c8300000, 0x00000000c8300000| Untracked 
| 132|0x00000000c8400000, 0x00000000c8400000, 0x00000000c8500000|  0%| F|  |TAMS 0x00000000c8400000, 0x00000000c8400000| Untracked 
| 133|0x00000000c8500000, 0x00000000c8500000, 0x00000000c8600000|  0%| F|  |TAMS 0x00000000c8500000, 0x00000000c8500000| Untracked 
| 134|0x00000000c8600000, 0x00000000c8600000, 0x00000000c8700000|  0%| F|  |TAMS 0x00000000c8600000, 0x00000000c8600000| Untracked 
| 135|0x00000000c8700000, 0x00000000c8700000, 0x00000000c8800000|  0%| F|  |TAMS 0x00000000c8700000, 0x00000000c8700000| Untracked 
| 136|0x00000000c8800000, 0x00000000c8800000, 0x00000000c8900000|  0%| F|  |TAMS 0x00000000c8800000, 0x00000000c8800000| Untracked 
| 137|0x00000000c8900000, 0x00000000c8900000, 0x00000000c8a00000|  0%| F|  |TAMS 0x00000000c8900000, 0x00000000c8900000| Untracked 
| 138|0x00000000c8a00000, 0x00000000c8a00000, 0x00000000c8b00000|  0%| F|  |TAMS 0x00000000c8a00000, 0x00000000c8a00000| Untracked 
| 139|0x00000000c8b00000, 0x00000000c8b00000, 0x00000000c8c00000|  0%| F|  |TAMS 0x00000000c8b00000, 0x00000000c8b00000| Untracked 
| 140|0x00000000c8c00000, 0x00000000c8c00000, 0x00000000c8d00000|  0%| F|  |TAMS 0x00000000c8c00000, 0x00000000c8c00000| Untracked 
| 141|0x00000000c8d00000, 0x00000000c8d00000, 0x00000000c8e00000|  0%| F|  |TAMS 0x00000000c8d00000, 0x00000000c8d00000| Untracked 
| 142|0x00000000c8e00000, 0x00000000c8e00000, 0x00000000c8f00000|  0%| F|  |TAMS 0x00000000c8e00000, 0x00000000c8e00000| Untracked 
| 143|0x00000000c8f00000, 0x00000000c8f00000, 0x00000000c9000000|  0%| F|  |TAMS 0x00000000c8f00000, 0x00000000c8f00000| Untracked 
| 144|0x00000000c9000000, 0x00000000c9000000, 0x00000000c9100000|  0%| F|  |TAMS 0x00000000c9000000, 0x00000000c9000000| Untracked 
| 145|0x00000000c9100000, 0x00000000c9100000, 0x00000000c9200000|  0%| F|  |TAMS 0x00000000c9100000, 0x00000000c9100000| Untracked 
| 146|0x00000000c9200000, 0x00000000c9200000, 0x00000000c9300000|  0%| F|  |TAMS 0x00000000c9200000, 0x00000000c9200000| Untracked 
| 147|0x00000000c9300000, 0x00000000c9300000, 0x00000000c9400000|  0%| F|  |TAMS 0x00000000c9300000, 0x00000000c9300000| Untracked 
| 148|0x00000000c9400000, 0x00000000c9400000, 0x00000000c9500000|  0%| F|  |TAMS 0x00000000c9400000, 0x00000000c9400000| Untracked 
| 149|0x00000000c9500000, 0x00000000c9500000, 0x00000000c9600000|  0%| F|  |TAMS 0x00000000c9500000, 0x00000000c9500000| Untracked 
| 150|0x00000000c9600000, 0x00000000c9600000, 0x00000000c9700000|  0%| F|  |TAMS 0x00000000c9600000, 0x00000000c9600000| Untracked 
| 151|0x00000000c9700000, 0x00000000c9700000, 0x00000000c9800000|  0%| F|  |TAMS 0x00000000c9700000, 0x00000000c9700000| Untracked 
| 152|0x00000000c9800000, 0x00000000c9800000, 0x00000000c9900000|  0%| F|  |TAMS 0x00000000c9800000, 0x00000000c9800000| Untracked 
| 153|0x00000000c9900000, 0x00000000c9900000, 0x00000000c9a00000|  0%| F|  |TAMS 0x00000000c9900000, 0x00000000c9900000| Untracked 
| 154|0x00000000c9a00000, 0x00000000c9a00000, 0x00000000c9b00000|  0%| F|  |TAMS 0x00000000c9a00000, 0x00000000c9a00000| Untracked 
| 155|0x00000000c9b00000, 0x00000000c9b00000, 0x00000000c9c00000|  0%| F|  |TAMS 0x00000000c9b00000, 0x00000000c9b00000| Untracked 
| 156|0x00000000c9c00000, 0x00000000c9c00000, 0x00000000c9d00000|  0%| F|  |TAMS 0x00000000c9c00000, 0x00000000c9c00000| Untracked 
| 157|0x00000000c9d00000, 0x00000000c9d00000, 0x00000000c9e00000|  0%| F|  |TAMS 0x00000000c9d00000, 0x00000000c9d00000| Untracked 
| 158|0x00000000c9e00000, 0x00000000c9e00000, 0x00000000c9f00000|  0%| F|  |TAMS 0x00000000c9e00000, 0x00000000c9e00000| Untracked 
| 159|0x00000000c9f00000, 0x00000000c9f00000, 0x00000000ca000000|  0%| F|  |TAMS 0x00000000c9f00000, 0x00000000c9f00000| Untracked 
| 160|0x00000000ca000000, 0x00000000ca000000, 0x00000000ca100000|  0%| F|  |TAMS 0x00000000ca000000, 0x00000000ca000000| Untracked 
| 161|0x00000000ca100000, 0x00000000ca100000, 0x00000000ca200000|  0%| F|  |TAMS 0x00000000ca100000, 0x00000000ca100000| Untracked 
| 162|0x00000000ca200000, 0x00000000ca200000, 0x00000000ca300000|  0%| F|  |TAMS 0x00000000ca200000, 0x00000000ca200000| Untracked 
| 163|0x00000000ca300000, 0x00000000ca300000, 0x00000000ca400000|  0%| F|  |TAMS 0x00000000ca300000, 0x00000000ca300000| Untracked 
| 164|0x00000000ca400000, 0x00000000ca4fffb8, 0x00000000ca500000| 99%| O|  |TAMS 0x00000000ca4fffb8, 0x00000000ca400000| Untracked 
| 165|0x00000000ca500000, 0x00000000ca500000, 0x00000000ca600000|  0%| F|  |TAMS 0x00000000ca500000, 0x00000000ca500000| Untracked 
| 166|0x00000000ca600000, 0x00000000ca600000, 0x00000000ca700000|  0%| F|  |TAMS 0x00000000ca600000, 0x00000000ca600000| Untracked 
| 167|0x00000000ca700000, 0x00000000ca700000, 0x00000000ca800000|  0%| F|  |TAMS 0x00000000ca700000, 0x00000000ca700000| Untracked 
| 168|0x00000000ca800000, 0x00000000ca800000, 0x00000000ca900000|  0%| F|  |TAMS 0x00000000ca800000, 0x00000000ca800000| Untracked 
| 169|0x00000000ca900000, 0x00000000ca900000, 0x00000000caa00000|  0%| F|  |TAMS 0x00000000ca900000, 0x00000000ca900000| Untracked 
| 170|0x00000000caa00000, 0x00000000caa00000, 0x00000000cab00000|  0%| F|  |TAMS 0x00000000caa00000, 0x00000000caa00000| Untracked 
| 171|0x00000000cab00000, 0x00000000cab00000, 0x00000000cac00000|  0%| F|  |TAMS 0x00000000cab00000, 0x00000000cab00000| Untracked 
| 172|0x00000000cac00000, 0x00000000cac00000, 0x00000000cad00000|  0%| F|  |TAMS 0x00000000cac00000, 0x00000000cac00000| Untracked 
| 173|0x00000000cad00000, 0x00000000cad00000, 0x00000000cae00000|  0%| F|  |TAMS 0x00000000cad00000, 0x00000000cad00000| Untracked 
| 174|0x00000000cae00000, 0x00000000cae00000, 0x00000000caf00000|  0%| F|  |TAMS 0x00000000cae00000, 0x00000000cae00000| Untracked 
| 175|0x00000000caf00000, 0x00000000caf00000, 0x00000000cb000000|  0%| F|  |TAMS 0x00000000caf00000, 0x00000000caf00000| Untracked 
| 176|0x00000000cb000000, 0x00000000cb000000, 0x00000000cb100000|  0%| F|  |TAMS 0x00000000cb000000, 0x00000000cb000000| Untracked 
| 177|0x00000000cb100000, 0x00000000cb100000, 0x00000000cb200000|  0%| F|  |TAMS 0x00000000cb100000, 0x00000000cb100000| Untracked 
| 178|0x00000000cb200000, 0x00000000cb200000, 0x00000000cb300000|  0%| F|  |TAMS 0x00000000cb200000, 0x00000000cb200000| Untracked 
| 179|0x00000000cb300000, 0x00000000cb300000, 0x00000000cb400000|  0%| F|  |TAMS 0x00000000cb300000, 0x00000000cb300000| Untracked 
| 180|0x00000000cb400000, 0x00000000cb400000, 0x00000000cb500000|  0%| F|  |TAMS 0x00000000cb400000, 0x00000000cb400000| Untracked 
| 181|0x00000000cb500000, 0x00000000cb500000, 0x00000000cb600000|  0%| F|  |TAMS 0x00000000cb500000, 0x00000000cb500000| Untracked 
| 182|0x00000000cb600000, 0x00000000cb600000, 0x00000000cb700000|  0%| F|  |TAMS 0x00000000cb600000, 0x00000000cb600000| Untracked 
| 183|0x00000000cb700000, 0x00000000cb700000, 0x00000000cb800000|  0%| F|  |TAMS 0x00000000cb700000, 0x00000000cb700000| Untracked 
| 184|0x00000000cb800000, 0x00000000cb800000, 0x00000000cb900000|  0%| F|  |TAMS 0x00000000cb800000, 0x00000000cb800000| Untracked 
| 185|0x00000000cb900000, 0x00000000cb900000, 0x00000000cba00000|  0%| F|  |TAMS 0x00000000cb900000, 0x00000000cb900000| Untracked 
| 186|0x00000000cba00000, 0x00000000cba00000, 0x00000000cbb00000|  0%| F|  |TAMS 0x00000000cba00000, 0x00000000cba00000| Untracked 
| 187|0x00000000cbb00000, 0x00000000cbb00000, 0x00000000cbc00000|  0%| F|  |TAMS 0x00000000cbb00000, 0x00000000cbb00000| Untracked 
| 188|0x00000000cbc00000, 0x00000000cbc00000, 0x00000000cbd00000|  0%| F|  |TAMS 0x00000000cbc00000, 0x00000000cbc00000| Untracked 
| 189|0x00000000cbd00000, 0x00000000cbdffff0, 0x00000000cbe00000| 99%| O|  |TAMS 0x00000000cbdffff0, 0x00000000cbd00000| Untracked 
| 190|0x00000000cbe00000, 0x00000000cbe00000, 0x00000000cbf00000|  0%| F|  |TAMS 0x00000000cbe00000, 0x00000000cbe00000| Untracked 
| 191|0x00000000cbf00000, 0x00000000cbf00000, 0x00000000cc000000|  0%| F|  |TAMS 0x00000000cbf00000, 0x00000000cbf00000| Untracked 
| 192|0x00000000cc000000, 0x00000000cc000000, 0x00000000cc100000|  0%| F|  |TAMS 0x00000000cc000000, 0x00000000cc000000| Untracked 
| 193|0x00000000cc100000, 0x00000000cc100000, 0x00000000cc200000|  0%| F|  |TAMS 0x00000000cc100000, 0x00000000cc100000| Untracked 
| 194|0x00000000cc200000, 0x00000000cc200000, 0x00000000cc300000|  0%| F|  |TAMS 0x00000000cc200000, 0x00000000cc200000| Untracked 
| 195|0x00000000cc300000, 0x00000000cc300000, 0x00000000cc400000|  0%| F|  |TAMS 0x00000000cc300000, 0x00000000cc300000| Untracked 
| 196|0x00000000cc400000, 0x00000000cc400000, 0x00000000cc500000|  0%| F|  |TAMS 0x00000000cc400000, 0x00000000cc400000| Untracked 
| 197|0x00000000cc500000, 0x00000000cc500000, 0x00000000cc600000|  0%| F|  |TAMS 0x00000000cc500000, 0x00000000cc500000| Untracked 
| 198|0x00000000cc600000, 0x00000000cc600000, 0x00000000cc700000|  0%| F|  |TAMS 0x00000000cc600000, 0x00000000cc600000| Untracked 
| 199|0x00000000cc700000, 0x00000000cc700000, 0x00000000cc800000|  0%| F|  |TAMS 0x00000000cc700000, 0x00000000cc700000| Untracked 
| 200|0x00000000cc800000, 0x00000000cc900000, 0x00000000cc900000|100%|HS|  |TAMS 0x00000000cc900000, 0x00000000cc800000| Untracked 
| 201|0x00000000cc900000, 0x00000000cca00000, 0x00000000cca00000|100%|HC|  |TAMS 0x00000000cca00000, 0x00000000cc900000| Untracked 
| 202|0x00000000cca00000, 0x00000000cca00000, 0x00000000ccb00000|  0%| F|  |TAMS 0x00000000cca00000, 0x00000000cca00000| Untracked 
| 203|0x00000000ccb00000, 0x00000000ccb00000, 0x00000000ccc00000|  0%| F|  |TAMS 0x00000000ccb00000, 0x00000000ccb00000| Untracked 
| 204|0x00000000ccc00000, 0x00000000ccc00000, 0x00000000ccd00000|  0%| F|  |TAMS 0x00000000ccc00000, 0x00000000ccc00000| Untracked 
| 205|0x00000000ccd00000, 0x00000000ccd00000, 0x00000000cce00000|  0%| F|  |TAMS 0x00000000ccd00000, 0x00000000ccd00000| Untracked 
| 206|0x00000000cce00000, 0x00000000cce00000, 0x00000000ccf00000|  0%| F|  |TAMS 0x00000000cce00000, 0x00000000cce00000| Untracked 
| 207|0x00000000ccf00000, 0x00000000ccf00000, 0x00000000cd000000|  0%| F|  |TAMS 0x00000000ccf00000, 0x00000000ccf00000| Untracked 
| 208|0x00000000cd000000, 0x00000000cd000000, 0x00000000cd100000|  0%| F|  |TAMS 0x00000000cd000000, 0x00000000cd000000| Untracked 
| 209|0x00000000cd100000, 0x00000000cd100000, 0x00000000cd200000|  0%| F|  |TAMS 0x00000000cd100000, 0x00000000cd100000| Untracked 
| 210|0x00000000cd200000, 0x00000000cd200000, 0x00000000cd300000|  0%| F|  |TAMS 0x00000000cd200000, 0x00000000cd200000| Untracked 
| 211|0x00000000cd300000, 0x00000000cd300000, 0x00000000cd400000|  0%| F|  |TAMS 0x00000000cd300000, 0x00000000cd300000| Untracked 
| 212|0x00000000cd400000, 0x00000000cd400000, 0x00000000cd500000|  0%| F|  |TAMS 0x00000000cd400000, 0x00000000cd400000| Untracked 
| 213|0x00000000cd500000, 0x00000000cd500000, 0x00000000cd600000|  0%| F|  |TAMS 0x00000000cd500000, 0x00000000cd500000| Untracked 
| 214|0x00000000cd600000, 0x00000000cd600000, 0x00000000cd700000|  0%| F|  |TAMS 0x00000000cd600000, 0x00000000cd600000| Untracked 
| 215|0x00000000cd700000, 0x00000000cd700000, 0x00000000cd800000|  0%| F|  |TAMS 0x00000000cd700000, 0x00000000cd700000| Untracked 
| 216|0x00000000cd800000, 0x00000000cd800000, 0x00000000cd900000|  0%| F|  |TAMS 0x00000000cd800000, 0x00000000cd800000| Untracked 
| 217|0x00000000cd900000, 0x00000000cd900000, 0x00000000cda00000|  0%| F|  |TAMS 0x00000000cd900000, 0x00000000cd900000| Untracked 
| 218|0x00000000cda00000, 0x00000000cda00000, 0x00000000cdb00000|  0%| F|  |TAMS 0x00000000cda00000, 0x00000000cda00000| Untracked 
| 219|0x00000000cdb00000, 0x00000000cdb00000, 0x00000000cdc00000|  0%| F|  |TAMS 0x00000000cdb00000, 0x00000000cdb00000| Untracked 
| 220|0x00000000cdc00000, 0x00000000cdc00000, 0x00000000cdd00000|  0%| F|  |TAMS 0x00000000cdc00000, 0x00000000cdc00000| Untracked 
| 221|0x00000000cdd00000, 0x00000000cdd00000, 0x00000000cde00000|  0%| F|  |TAMS 0x00000000cdd00000, 0x00000000cdd00000| Untracked 
| 222|0x00000000cde00000, 0x00000000cde00000, 0x00000000cdf00000|  0%| F|  |TAMS 0x00000000cde00000, 0x00000000cde00000| Untracked 
| 223|0x00000000cdf00000, 0x00000000cdf00000, 0x00000000ce000000|  0%| F|  |TAMS 0x00000000cdf00000, 0x00000000cdf00000| Untracked 
| 224|0x00000000ce000000, 0x00000000ce000000, 0x00000000ce100000|  0%| F|  |TAMS 0x00000000ce000000, 0x00000000ce000000| Untracked 
| 225|0x00000000ce100000, 0x00000000ce100000, 0x00000000ce200000|  0%| F|  |TAMS 0x00000000ce100000, 0x00000000ce100000| Untracked 
| 226|0x00000000ce200000, 0x00000000ce200000, 0x00000000ce300000|  0%| F|  |TAMS 0x00000000ce200000, 0x00000000ce200000| Untracked 
| 227|0x00000000ce300000, 0x00000000ce300000, 0x00000000ce400000|  0%| F|  |TAMS 0x00000000ce300000, 0x00000000ce300000| Untracked 
| 228|0x00000000ce400000, 0x00000000ce400000, 0x00000000ce500000|  0%| F|  |TAMS 0x00000000ce400000, 0x00000000ce400000| Untracked 
| 229|0x00000000ce500000, 0x00000000ce500000, 0x00000000ce600000|  0%| F|  |TAMS 0x00000000ce500000, 0x00000000ce500000| Untracked 
| 230|0x00000000ce600000, 0x00000000ce600000, 0x00000000ce700000|  0%| F|  |TAMS 0x00000000ce600000, 0x00000000ce600000| Untracked 
| 231|0x00000000ce700000, 0x00000000ce700000, 0x00000000ce800000|  0%| F|  |TAMS 0x00000000ce700000, 0x00000000ce700000| Untracked 
| 232|0x00000000ce800000, 0x00000000ce800000, 0x00000000ce900000|  0%| F|  |TAMS 0x00000000ce800000, 0x00000000ce800000| Untracked 
| 233|0x00000000ce900000, 0x00000000ce9060d0, 0x00000000cea00000|  2%| E|  |TAMS 0x00000000ce900000, 0x00000000ce900000| Complete 

Card table byte_map: [0x0000022a340d0000,0x0000022a342d0000] _byte_map_base: 0x0000022a33ad0000

Marking Bits (Prev, Next): (CMBitMap*) 0x0000022a2e175330, (CMBitMap*) 0x0000022a2e175370
 Prev Bits: [0x0000022a344d0000, 0x0000022a354d0000)
 Next Bits: [0x0000022a354d0000, 0x0000022a364d0000)

Polling page: 0x0000022a2c060000

Metaspace:

Usage:
  Non-class:     58.62 MB used.
      Class:      9.17 MB used.
       Both:     67.79 MB used.

Virtual space:
  Non-class space:       64.00 MB reserved,      58.88 MB ( 92%) committed,  8 nodes.
      Class space:        1.00 GB reserved,       9.38 MB ( <1%) committed,  1 nodes.
             Both:        1.06 GB reserved,      68.25 MB (  6%) committed. 

Chunk freelists:
   Non-Class:  875.00 KB
       Class:  2.64 MB
        Both:  3.50 MB

MaxMetaspaceSize: unlimited
CompressedClassSpaceSize: 1.00 GB
Initial GC threshold: 21.00 MB
Current GC threshold: 113.75 MB
CDS: off
MetaspaceReclaimPolicy: balanced
 - commit_granule_bytes: 65536.
 - commit_granule_words: 8192.
 - virtual_space_node_default_size: 1048576.
 - enlarge_chunks_in_place: 1.
 - new_chunks_are_fully_committed: 0.
 - uncommit_free_chunks: 1.
 - use_allocation_guard: 0.
 - handle_deallocations: 1.


Internal statistics:

num_allocs_failed_limit: 21.
num_arena_births: 846.
num_arena_deaths: 304.
num_vsnodes_births: 9.
num_vsnodes_deaths: 0.
num_space_committed: 1093.
num_space_uncommitted: 1.
num_chunks_returned_to_freelist: 397.
num_chunks_taken_from_freelist: 3298.
num_chunk_merges: 140.
num_chunk_splits: 2168.
num_chunks_enlarged: 1560.
num_purges: 28.
num_inconsistent_stats: 0.

CodeCache: size=49152Kb used=27503Kb max_used=29105Kb free=21648Kb
 bounds [0x0000022a30dc0000, 0x0000022a32a50000, 0x0000022a33dc0000]
 total_blobs=15106 nmethods=14426 adapters=606
 compilation: enabled
              stopped_count=0, restarted_count=0
 full_count=0

Compilation events (20 events):
Event: 79401.254 Thread 0x0000022a38f1fdf0 14645       1       org.eclipse.jdt.core.dom.ASTRecoveryPropagator::endVisit (57 bytes)
Event: 79401.258 Thread 0x0000022a38f1fdf0 nmethod 14645 0x0000022a3280d090 code [0x0000022a3280d240, 0x0000022a3280d3f8]
Event: 79466.195 Thread 0x0000022a38f1fdf0 14646       1       org.eclipse.jdt.internal.compiler.batch.CompilationUnit::module (46 bytes)
Event: 79466.201 Thread 0x0000022a38f1fdf0 nmethod 14646 0x0000022a3280cb90 code [0x0000022a3280cd40, 0x0000022a3280cf78]
Event: 79466.313 Thread 0x0000022a38f1fdf0 14647       1       jdk.internal.reflect.UnsafeStaticFieldAccessorImpl::<init> (17 bytes)
Event: 79466.314 Thread 0x0000022a38f1fdf0 nmethod 14647 0x0000022a3280c690 code [0x0000022a3280c840, 0x0000022a3280ca68]
Event: 79466.314 Thread 0x0000022a38f1fdf0 14648       1       jdk.internal.misc.Unsafe::staticFieldBase (18 bytes)
Event: 79466.314 Thread 0x0000022a38f1fdf0 nmethod 14648 0x0000022a3280c290 code [0x0000022a3280c440, 0x0000022a3280c5b8]
Event: 79466.314 Thread 0x0000022a38f1fdf0 14649       1       jdk.internal.reflect.UnsafeQualifiedStaticFieldAccessorImpl::<init> (11 bytes)
Event: 79466.315 Thread 0x0000022a38f1fdf0 nmethod 14649 0x0000022a3280bd90 code [0x0000022a3280bf40, 0x0000022a3280c168]
Event: 79466.425 Thread 0x0000022a38f1fdf0 14650       1       com.google.common.collect.CollectPreconditions::checkNonnegative (48 bytes)
Event: 79466.431 Thread 0x0000022a38f1fdf0 nmethod 14650 0x0000022a3280b510 code [0x0000022a3280b700, 0x0000022a3280bb08]
Event: 80168.439 Thread 0x0000022a38f1fdf0 14651       1       jdk.internal.util.random.RandomSupport::mixMurmur64 (29 bytes)
Event: 80168.442 Thread 0x0000022a38f1fdf0 nmethod 14651 0x0000022a3280b210 code [0x0000022a3280b3a0, 0x0000022a3280b498]
Event: 80690.868 Thread 0x0000022a38f1fdf0 14652       1       java.util.concurrent.atomic.AtomicLong::getAndAdd (12 bytes)
Event: 80690.877 Thread 0x0000022a38f1fdf0 nmethod 14652 0x0000022a3280af10 code [0x0000022a3280b0a0, 0x0000022a3280b178]
Event: 80690.877 Thread 0x0000022a38f1fdf0 14653       1       java.util.concurrent.ThreadLocalRandom::localInit (62 bytes)
Event: 80690.890 Thread 0x0000022a38f1fdf0 nmethod 14653 0x0000022a3280ab90 code [0x0000022a3280ad20, 0x0000022a3280ae98]
Event: 87810.592 Thread 0x0000022a38f1fdf0 14654       1       org.eclipse.jdt.internal.compiler.lookup.ReferenceBinding::isCompatibleWith0 (400 bytes)
Event: 87810.616 Thread 0x0000022a38f1fdf0 nmethod 14654 0x0000022a32809c90 code [0x0000022a32809f20, 0x0000022a3280a7a8]

GC Heap History (20 events):
Event: 92937.041 GC heap before
{Heap before GC invocations=5504 (full 5322):
 garbage-first heap   total 239616K, used 85123K [0x00000000c0000000, 0x0000000100000000)
  region size 1024K, 1 young (1024K), 0 survivors (0K)
 Metaspace       used 69418K, committed 69888K, reserved 1114112K
  class space    used 9389K, committed 9600K, reserved 1048576K
}
Event: 92937.135 GC heap after
{Heap after GC invocations=5505 (full 5323):
 garbage-first heap   total 239616K, used 85123K [0x00000000c0000000, 0x0000000100000000)
  region size 1024K, 0 young (0K), 0 survivors (0K)
 Metaspace       used 69418K, committed 69888K, reserved 1114112K
  class space    used 9389K, committed 9600K, reserved 1048576K
}
Event: 92947.374 GC heap before
{Heap before GC invocations=5505 (full 5323):
 garbage-first heap   total 239616K, used 85123K [0x00000000c0000000, 0x0000000100000000)
  region size 1024K, 1 young (1024K), 0 survivors (0K)
 Metaspace       used 69418K, committed 69888K, reserved 1114112K
  class space    used 9389K, committed 9600K, reserved 1048576K
}
Event: 92947.470 GC heap after
{Heap after GC invocations=5506 (full 5324):
 garbage-first heap   total 239616K, used 85123K [0x00000000c0000000, 0x0000000100000000)
  region size 1024K, 0 young (0K), 0 survivors (0K)
 Metaspace       used 69418K, committed 69888K, reserved 1114112K
  class space    used 9389K, committed 9600K, reserved 1048576K
}
Event: 92957.693 GC heap before
{Heap before GC invocations=5506 (full 5324):
 garbage-first heap   total 239616K, used 85123K [0x00000000c0000000, 0x0000000100000000)
  region size 1024K, 1 young (1024K), 0 survivors (0K)
 Metaspace       used 69418K, committed 69888K, reserved 1114112K
  class space    used 9389K, committed 9600K, reserved 1048576K
}
Event: 92957.782 GC heap after
{Heap after GC invocations=5507 (full 5325):
 garbage-first heap   total 239616K, used 85123K [0x00000000c0000000, 0x0000000100000000)
  region size 1024K, 0 young (0K), 0 survivors (0K)
 Metaspace       used 69418K, committed 69888K, reserved 1114112K
  class space    used 9389K, committed 9600K, reserved 1048576K
}
Event: 92967.996 GC heap before
{Heap before GC invocations=5507 (full 5325):
 garbage-first heap   total 239616K, used 85123K [0x00000000c0000000, 0x0000000100000000)
  region size 1024K, 1 young (1024K), 0 survivors (0K)
 Metaspace       used 69418K, committed 69888K, reserved 1114112K
  class space    used 9389K, committed 9600K, reserved 1048576K
}
Event: 92968.089 GC heap after
{Heap after GC invocations=5508 (full 5326):
 garbage-first heap   total 239616K, used 85123K [0x00000000c0000000, 0x0000000100000000)
  region size 1024K, 0 young (0K), 0 survivors (0K)
 Metaspace       used 69418K, committed 69888K, reserved 1114112K
  class space    used 9389K, committed 9600K, reserved 1048576K
}
Event: 92978.336 GC heap before
{Heap before GC invocations=5508 (full 5326):
 garbage-first heap   total 239616K, used 85123K [0x00000000c0000000, 0x0000000100000000)
  region size 1024K, 1 young (1024K), 0 survivors (0K)
 Metaspace       used 69418K, committed 69888K, reserved 1114112K
  class space    used 9389K, committed 9600K, reserved 1048576K
}
Event: 92978.428 GC heap after
{Heap after GC invocations=5509 (full 5327):
 garbage-first heap   total 239616K, used 85123K [0x00000000c0000000, 0x0000000100000000)
  region size 1024K, 0 young (0K), 0 survivors (0K)
 Metaspace       used 69418K, committed 69888K, reserved 1114112K
  class space    used 9389K, committed 9600K, reserved 1048576K
}
Event: 92988.635 GC heap before
{Heap before GC invocations=5509 (full 5327):
 garbage-first heap   total 239616K, used 85123K [0x00000000c0000000, 0x0000000100000000)
  region size 1024K, 1 young (1024K), 0 survivors (0K)
 Metaspace       used 69418K, committed 69888K, reserved 1114112K
  class space    used 9389K, committed 9600K, reserved 1048576K
}
Event: 92988.723 GC heap after
{Heap after GC invocations=5510 (full 5328):
 garbage-first heap   total 239616K, used 85123K [0x00000000c0000000, 0x0000000100000000)
  region size 1024K, 0 young (0K), 0 survivors (0K)
 Metaspace       used 69418K, committed 69888K, reserved 1114112K
  class space    used 9389K, committed 9600K, reserved 1048576K
}
Event: 92998.976 GC heap before
{Heap before GC invocations=5510 (full 5328):
 garbage-first heap   total 239616K, used 85123K [0x00000000c0000000, 0x0000000100000000)
  region size 1024K, 1 young (1024K), 0 survivors (0K)
 Metaspace       used 69418K, committed 69888K, reserved 1114112K
  class space    used 9389K, committed 9600K, reserved 1048576K
}
Event: 92999.075 GC heap after
{Heap after GC invocations=5511 (full 5329):
 garbage-first heap   total 239616K, used 85123K [0x00000000c0000000, 0x0000000100000000)
  region size 1024K, 0 young (0K), 0 survivors (0K)
 Metaspace       used 69418K, committed 69888K, reserved 1114112K
  class space    used 9389K, committed 9600K, reserved 1048576K
}
Event: 93009.322 GC heap before
{Heap before GC invocations=5511 (full 5329):
 garbage-first heap   total 239616K, used 85123K [0x00000000c0000000, 0x0000000100000000)
  region size 1024K, 1 young (1024K), 0 survivors (0K)
 Metaspace       used 69418K, committed 69888K, reserved 1114112K
  class space    used 9389K, committed 9600K, reserved 1048576K
}
Event: 93009.443 GC heap after
{Heap after GC invocations=5512 (full 5330):
 garbage-first heap   total 239616K, used 85123K [0x00000000c0000000, 0x0000000100000000)
  region size 1024K, 0 young (0K), 0 survivors (0K)
 Metaspace       used 69418K, committed 69888K, reserved 1114112K
  class space    used 9389K, committed 9600K, reserved 1048576K
}
Event: 93019.660 GC heap before
{Heap before GC invocations=5512 (full 5330):
 garbage-first heap   total 239616K, used 85123K [0x00000000c0000000, 0x0000000100000000)
  region size 1024K, 1 young (1024K), 0 survivors (0K)
 Metaspace       used 69418K, committed 69888K, reserved 1114112K
  class space    used 9389K, committed 9600K, reserved 1048576K
}
Event: 93019.760 GC heap after
{Heap after GC invocations=5513 (full 5331):
 garbage-first heap   total 239616K, used 85123K [0x00000000c0000000, 0x0000000100000000)
  region size 1024K, 0 young (0K), 0 survivors (0K)
 Metaspace       used 69418K, committed 69888K, reserved 1114112K
  class space    used 9389K, committed 9600K, reserved 1048576K
}
Event: 93030.002 GC heap before
{Heap before GC invocations=5513 (full 5331):
 garbage-first heap   total 239616K, used 85123K [0x00000000c0000000, 0x0000000100000000)
  region size 1024K, 1 young (1024K), 0 survivors (0K)
 Metaspace       used 69418K, committed 69888K, reserved 1114112K
  class space    used 9389K, committed 9600K, reserved 1048576K
}
Event: 93030.099 GC heap after
{Heap after GC invocations=5514 (full 5332):
 garbage-first heap   total 239616K, used 85123K [0x00000000c0000000, 0x0000000100000000)
  region size 1024K, 0 young (0K), 0 survivors (0K)
 Metaspace       used 69418K, committed 69888K, reserved 1114112K
  class space    used 9389K, committed 9600K, reserved 1048576K
}

Dll operation events (10 events):
Event: 0.024 Loaded shared library c:\Users\rober\.vscode\extensions\redhat.java-1.14.0-win32-x64\jre\17.0.5-win32-x86_64\bin\java.dll
Event: 0.883 Loaded shared library C:\Users\rober\.vscode\extensions\redhat.java-1.14.0-win32-x64\jre\17.0.5-win32-x86_64\bin\net.dll
Event: 0.890 Loaded shared library C:\Users\rober\.vscode\extensions\redhat.java-1.14.0-win32-x64\jre\17.0.5-win32-x86_64\bin\nio.dll
Event: 0.920 Loaded shared library C:\Users\rober\.vscode\extensions\redhat.java-1.14.0-win32-x64\jre\17.0.5-win32-x86_64\bin\zip.dll
Event: 1.745 Loaded shared library C:\Users\rober\.vscode\extensions\redhat.java-1.14.0-win32-x64\jre\17.0.5-win32-x86_64\bin\jimage.dll
Event: 2.300 Loaded shared library c:\Users\rober\.vscode\extensions\redhat.java-1.14.0-win32-x64\jre\17.0.5-win32-x86_64\bin\verify.dll
Event: 17.161 Loaded shared library C:\Users\rober\.vscode\extensions\redhat.java-1.14.0-win32-x64\jre\17.0.5-win32-x86_64\bin\management.dll
Event: 17.166 Loaded shared library C:\Users\rober\.vscode\extensions\redhat.java-1.14.0-win32-x64\jre\17.0.5-win32-x86_64\bin\management_ext.dll
Event: 22.485 Loaded shared library C:\Users\rober\.vscode\extensions\redhat.java-1.14.0-win32-x64\jre\17.0.5-win32-x86_64\bin\sunmscapi.dll
Event: 33.112 Loaded shared library C:\Users\rober\AppData\Local\Temp\snappy-1.1.8-0d1332da-5597-40f5-949d-708087bebf75-snappyjava.dll

Deoptimization events (20 events):
Event: 60024.826 Thread 0x0000022a3dcf90c0 DEOPT PACKING pc=0x0000022a31a80fab sp=0x000000baaf5fddd0
Event: 60024.827 Thread 0x0000022a3dcf90c0 DEOPT UNPACKING pc=0x0000022a30e12b43 sp=0x000000baaf5fd360 mode 3
Event: 60065.238 Thread 0x0000022a3e2493b0 DEOPT PACKING pc=0x0000022a324b542c sp=0x000000bab01fde10
Event: 60065.239 Thread 0x0000022a3e2493b0 DEOPT UNPACKING pc=0x0000022a30e12b43 sp=0x000000bab01fd380 mode 0
Event: 60065.242 Thread 0x0000022a3e2493b0 DEOPT PACKING pc=0x0000022a324b4d0c sp=0x000000bab01fdf70
Event: 60065.243 Thread 0x0000022a3e2493b0 DEOPT UNPACKING pc=0x0000022a30e12b43 sp=0x000000bab01fd4e8 mode 0
Event: 60065.243 Thread 0x0000022a3e2493b0 DEOPT PACKING pc=0x0000022a324b542c sp=0x000000bab01fe0d0
Event: 60065.243 Thread 0x0000022a3e2493b0 DEOPT UNPACKING pc=0x0000022a30e12b43 sp=0x000000bab01fd640 mode 0
Event: 60066.135 Thread 0x0000022a3e2493b0 DEOPT PACKING pc=0x0000022a32687e18 sp=0x000000bab01fe460
Event: 60066.135 Thread 0x0000022a3e2493b0 DEOPT UNPACKING pc=0x0000022a30e12b43 sp=0x000000bab01fd958 mode 3
Event: 60187.886 Thread 0x0000022a3e248070 DEOPT PACKING pc=0x0000022a326fc6ab sp=0x000000baafffe860
Event: 60187.887 Thread 0x0000022a3e248070 DEOPT UNPACKING pc=0x0000022a30e12b43 sp=0x000000baafffdd60 mode 3
Event: 60471.493 Thread 0x0000022a3dcf8720 DEOPT PACKING pc=0x0000022a327b8bd1 sp=0x000000bab01fe660
Event: 60471.495 Thread 0x0000022a3dcf8720 DEOPT UNPACKING pc=0x0000022a30e12b43 sp=0x000000bab01fdb48 mode 3
Event: 69821.317 Thread 0x0000022a4a1038a0 DEOPT PACKING pc=0x0000022a3288729d sp=0x000000baaf3fe200
Event: 69821.318 Thread 0x0000022a4a1038a0 DEOPT UNPACKING pc=0x0000022a30e12b43 sp=0x000000baaf3fd730 mode 3
Event: 69856.315 Thread 0x0000022a3e0e9280 DEOPT PACKING pc=0x0000022a3212f9d8 sp=0x000000baacefba60
Event: 69856.316 Thread 0x0000022a3e0e9280 DEOPT UNPACKING pc=0x0000022a30e12b43 sp=0x000000baacefb088 mode 0
Event: 69856.316 Thread 0x0000022a3e0e9280 DEOPT PACKING pc=0x0000022a3212ad0c sp=0x000000baacefc040
Event: 69856.316 Thread 0x0000022a3e0e9280 DEOPT UNPACKING pc=0x0000022a30e12b43 sp=0x000000baacefb4d0 mode 0

Classes unloaded (20 events):
Event: 53088.309 Thread 0x0000022a38ed0f00 Unloading class 0x00000001000cac00 'jdk/internal/reflect/GeneratedMethodAccessor44'
Event: 53088.309 Thread 0x0000022a38ed0f00 Unloading class 0x0000000100355c00 'jdk/internal/reflect/GeneratedMethodAccessor43'
Event: 60427.082 Thread 0x0000022a38ed0f00 Unloading class 0x0000000100958c00 'jdk/internal/reflect/GeneratedConstructorAccessor76'
Event: 60427.082 Thread 0x0000022a38ed0f00 Unloading class 0x0000000100958800 'jdk/internal/reflect/GeneratedConstructorAccessor75'
Event: 60641.552 Thread 0x0000022a38ed0f00 Unloading class 0x0000000100355000 'jdk/internal/reflect/GeneratedMethodAccessor53'
Event: 60641.553 Thread 0x0000022a38ed0f00 Unloading class 0x0000000100358400 'jdk/internal/reflect/GeneratedConstructorAccessor72'
Event: 60641.553 Thread 0x0000022a38ed0f00 Unloading class 0x0000000100358000 'jdk/internal/reflect/GeneratedMethodAccessor52'
Event: 60641.553 Thread 0x0000022a38ed0f00 Unloading class 0x0000000100362400 'jdk/internal/reflect/GeneratedConstructorAccessor71'
Event: 60641.553 Thread 0x0000022a38ed0f00 Unloading class 0x0000000100362000 'jdk/internal/reflect/GeneratedMethodAccessor51'
Event: 60641.553 Thread 0x0000022a38ed0f00 Unloading class 0x0000000100550400 'jdk/internal/reflect/GeneratedMethodAccessor50'
Event: 60641.553 Thread 0x0000022a38ed0f00 Unloading class 0x0000000100550000 'jdk/internal/reflect/GeneratedMethodAccessor49'
Event: 70057.771 Thread 0x0000022a38ed0f00 Unloading class 0x0000000100959400 'jdk/internal/reflect/GeneratedConstructorAccessor80'
Event: 70057.771 Thread 0x0000022a38ed0f00 Unloading class 0x0000000100959000 'jdk/internal/reflect/GeneratedConstructorAccessor79'
Event: 70057.771 Thread 0x0000022a38ed0f00 Unloading class 0x0000000100550400 'jdk/internal/reflect/GeneratedMethodAccessor60'
Event: 70057.771 Thread 0x0000022a38ed0f00 Unloading class 0x0000000100550000 'jdk/internal/reflect/GeneratedConstructorAccessor78'
Event: 70057.771 Thread 0x0000022a38ed0f00 Unloading class 0x0000000100362400 'jdk/internal/reflect/GeneratedMethodAccessor59'
Event: 70057.771 Thread 0x0000022a38ed0f00 Unloading class 0x0000000100362000 'jdk/internal/reflect/GeneratedConstructorAccessor77'
Event: 70057.772 Thread 0x0000022a38ed0f00 Unloading class 0x0000000100358400 'jdk/internal/reflect/GeneratedMethodAccessor58'
Event: 70057.772 Thread 0x0000022a38ed0f00 Unloading class 0x0000000100358000 'jdk/internal/reflect/GeneratedMethodAccessor57'
Event: 70057.772 Thread 0x0000022a38ed0f00 Unloading class 0x0000000100355000 'jdk/internal/reflect/GeneratedMethodAccessor56'

Classes redefined (0 events):
No events

Internal exceptions (20 events):
Event: 69883.086 Thread 0x0000022a3e0e9280 Exception <a 'sun/nio/fs/WindowsException'{0x00000000ce85f908}> (0x00000000ce85f908) 
thrown [s\src\hotspot\share\prims\jni.cpp, line 516]
Event: 69883.279 Thread 0x0000022a3e0e9280 Exception <a 'sun/nio/fs/WindowsException'{0x00000000caf21230}> (0x00000000caf21230) 
thrown [s\src\hotspot\share\prims\jni.cpp, line 516]
Event: 69886.458 Thread 0x0000022a3e0e9280 Exception <a 'sun/nio/fs/WindowsException'{0x00000000c8557bf0}> (0x00000000c8557bf0) 
thrown [s\src\hotspot\share\prims\jni.cpp, line 516]
Event: 69886.458 Thread 0x0000022a3e0e9280 Exception <a 'sun/nio/fs/WindowsException'{0x00000000c8559100}> (0x00000000c8559100) 
thrown [s\src\hotspot\share\prims\jni.cpp, line 516]
Event: 69886.607 Thread 0x0000022a3e0e9280 Exception <a 'sun/nio/fs/WindowsException'{0x00000000ce1ae4f8}> (0x00000000ce1ae4f8) 
thrown [s\src\hotspot\share\prims\jni.cpp, line 516]
Event: 69891.632 Thread 0x0000022a3e0e9280 Exception <a 'sun/nio/fs/WindowsException'{0x00000000cb56d2a0}> (0x00000000cb56d2a0) 
thrown [s\src\hotspot\share\prims\jni.cpp, line 516]
Event: 69891.633 Thread 0x0000022a3e0e9280 Exception <a 'sun/nio/fs/WindowsException'{0x00000000cb56e7b0}> (0x00000000cb56e7b0) 
thrown [s\src\hotspot\share\prims\jni.cpp, line 516]
Event: 69891.973 Thread 0x0000022a3e0e9280 Exception <a 'sun/nio/fs/WindowsException'{0x00000000c8b44748}> (0x00000000c8b44748) 
thrown [s\src\hotspot\share\prims\jni.cpp, line 516]
Event: 69893.509 Thread 0x0000022a3e0e9280 Exception <a 'sun/nio/fs/WindowsException'{0x00000000cca215b0}> (0x00000000cca215b0) 
thrown [s\src\hotspot\share\prims\jni.cpp, line 516]
Event: 69893.510 Thread 0x0000022a3e0e9280 Exception <a 'sun/nio/fs/WindowsException'{0x00000000cca22ac0}> (0x00000000cca22ac0) 
thrown [s\src\hotspot\share\prims\jni.cpp, line 516]
Event: 69893.664 Thread 0x0000022a3e0e9280 Exception <a 'sun/nio/fs/WindowsException'{0x00000000cbf8a738}> (0x00000000cbf8a738) 
thrown [s\src\hotspot\share\prims\jni.cpp, line 516]
Event: 79388.985 Thread 0x0000022a4a058a80 Exception <a 'sun/nio/fs/WindowsException'{0x00000000ce8a9c60}> (0x00000000ce8a9c60) 
thrown [s\src\hotspot\share\prims\jni.cpp, line 516]
Event: 79388.988 Thread 0x0000022a4a058a80 Exception <a 'sun/nio/fs/WindowsException'{0x00000000ce8ab170}> (0x00000000ce8ab170) 
thrown [s\src\hotspot\share\prims\jni.cpp, line 516]
Event: 79389.460 Thread 0x0000022a4a058a80 Exception <a 'sun/nio/fs/WindowsException'{0x00000000ce0ed140}> (0x00000000ce0ed140) 
thrown [s\src\hotspot\share\prims\jni.cpp, line 516]
Event: 79392.645 Thread 0x0000022a4a058f50 Exception <a 'sun/nio/fs/WindowsException'{0x00000000cb382dd0}> (0x00000000cb382dd0) 
thrown [s\src\hotspot\share\prims\jni.cpp, line 516]
Event: 79392.646 Thread 0x0000022a4a058f50 Exception <a 'sun/nio/fs/WindowsException'{0x00000000cb3842e0}> (0x00000000cb3842e0) 
thrown [s\src\hotspot\share\prims\jni.cpp, line 516]
Event: 79392.957 Thread 0x0000022a4a058f50 Exception <a 'sun/nio/fs/WindowsException'{0x00000000ca92e4f8}> (0x00000000ca92e4f8) 
thrown [s\src\hotspot\share\prims\jni.cpp, line 516]
Event: 79463.453 Thread 0x0000022a4a058f50 Exception <a 'sun/nio/fs/WindowsException'{0x00000000ce916470}> (0x00000000ce916470) 
thrown [s\src\hotspot\share\prims\jni.cpp, line 516]
Event: 79463.454 Thread 0x0000022a4a058f50 Exception <a 'sun/nio/fs/WindowsException'{0x00000000ce917980}> (0x00000000ce917980) 
thrown [s\src\hotspot\share\prims\jni.cpp, line 516]
Event: 79463.629 Thread 0x0000022a4a058f50 Exception <a 'sun/nio/fs/WindowsException'{0x00000000ce108160}> (0x00000000ce108160) 
thrown [s\src\hotspot\share\prims\jni.cpp, line 516]

VM Operations (20 events):
Event: 92937.135 Executing VM operation: G1CollectFull done
Event: 92947.373 Executing VM operation: G1CollectFull
Event: 92947.470 Executing VM operation: G1CollectFull done
Event: 92957.692 Executing VM operation: G1CollectFull
Event: 92957.782 Executing VM operation: G1CollectFull done
Event: 92967.995 Executing VM operation: G1CollectFull
Event: 92968.089 Executing VM operation: G1CollectFull done
Event: 92978.335 Executing VM operation: G1CollectFull
Event: 92978.429 Executing VM operation: G1CollectFull done
Event: 92988.635 Executing VM operation: G1CollectFull
Event: 92988.723 Executing VM operation: G1CollectFull done
Event: 92998.975 Executing VM operation: G1CollectFull
Event: 92999.076 Executing VM operation: G1CollectFull done
Event: 93009.322 Executing VM operation: G1CollectFull
Event: 93009.443 Executing VM operation: G1CollectFull done
Event: 93019.658 Executing VM operation: G1CollectFull
Event: 93019.760 Executing VM operation: G1CollectFull done
Event: 93030.002 Executing VM operation: G1CollectFull
Event: 93030.099 Executing VM operation: G1CollectFull done
Event: 93041.827 Executing VM operation: G1CollectFull

Events (20 events):
Event: 79585.698 Thread 0x0000022a4a101bc0 Thread added: 0x0000022a4a101bc0
Event: 79645.421 Thread 0x0000022a4a103d70 Thread exited: 0x0000022a4a103d70
Event: 79645.866 Thread 0x0000022a4a101bc0 Thread exited: 0x0000022a4a101bc0
Event: 79705.433 Thread 0x0000022a4a058a80 Thread exited: 0x0000022a4a058a80
Event: 80049.072 Thread 0x0000022a38f44600 Thread added: 0x0000022a38f44600
Event: 80049.086 Thread 0x0000022a4a1038a0 Thread added: 0x0000022a4a1038a0
Event: 80109.168 Thread 0x0000022a38f44600 Thread exited: 0x0000022a38f44600
Event: 80109.169 Thread 0x0000022a4a1038a0 Thread exited: 0x0000022a4a1038a0
Event: 80168.431 Thread 0x0000022a3dedaff0 Thread added: 0x0000022a3dedaff0
Event: 80168.435 Thread 0x0000022a38f44ad0 Thread added: 0x0000022a38f44ad0
Event: 80228.475 Thread 0x0000022a38f44ad0 Thread exited: 0x0000022a38f44ad0
Event: 80235.045 Thread 0x0000022a3dedaff0 Thread exited: 0x0000022a3dedaff0
Event: 80690.856 Thread 0x0000022a3a32c700 Thread added: 0x0000022a3a32c700
Event: 80690.871 Thread 0x0000022a3e102c70 Thread added: 0x0000022a3e102c70
Event: 80750.974 Thread 0x0000022a3e102c70 Thread exited: 0x0000022a3e102c70
Event: 80750.978 Thread 0x0000022a3a32c700 Thread exited: 0x0000022a3a32c700
Event: 87810.512 Thread 0x0000022a3e0ea0f0 Thread added: 0x0000022a3e0ea0f0
Event: 87810.531 Thread 0x0000022a4a233200 Thread added: 0x0000022a4a233200
Event: 87870.630 Thread 0x0000022a4a233200 Thread exited: 0x0000022a4a233200
Event: 87870.630 Thread 0x0000022a3e0ea0f0 Thread exited: 0x0000022a3e0ea0f0


Dynamic libraries:
0x00007ff6c9620000 - 0x00007ff6c962e000 	c:\Users\rober\.vscode\extensions\redhat.java-1.14.0-win32-x64\jre\17.0.5-win32-x86_64\bin\java.exe
0x00007ffec7450000 - 0x00007ffec7648000 	C:\Windows\SYSTEM32\ntdll.dll
0x00007ffec5a30000 - 0x00007ffec5aef000 	C:\Windows\System32\KERNEL32.DLL
0x00007ffec4e30000 - 0x00007ffec5102000 	C:\Windows\System32\KERNELBASE.dll
0x00007ffec5140000 - 0x00007ffec5240000 	C:\Windows\System32\ucrtbase.dll
0x00007ffeacad0000 - 0x00007ffeacae7000 	c:\Users\rober\.vscode\extensions\redhat.java-1.14.0-win32-x64\jre\17.0.5-win32-x86_64\bin\jli.dll
0x00007ffeacab0000 - 0x00007ffeacac9000 	c:\Users\rober\.vscode\extensions\redhat.java-1.14.0-win32-x64\jre\17.0.5-win32-x86_64\bin\VCRUNTIME140.dll
0x00007ffec63b0000 - 0x00007ffec6551000 	C:\Windows\System32\USER32.dll
0x00007ffec5110000 - 0x00007ffec5132000 	C:\Windows\System32\win32u.dll
0x00007ffec5af0000 - 0x00007ffec5b1b000 	C:\Windows\System32\GDI32.dll
0x00007ffeb2650000 - 0x00007ffeb28ea000 	C:\Windows\WinSxS\amd64_microsoft.windows.common-controls_6595b64144ccf1df_6.0.19041.1110_none_60b5254171f9507e\COMCTL32.dll
0x00007ffec4bf0000 - 0x00007ffec4cff000 	C:\Windows\System32\gdi32full.dll
0x00007ffec7050000 - 0x00007ffec70ee000 	C:\Windows\System32\msvcrt.dll
0x00007ffec4d90000 - 0x00007ffec4e2d000 	C:\Windows\System32\msvcp_win.dll
0x00007ffec70f0000 - 0x00007ffec7122000 	C:\Windows\System32\IMM32.DLL
0x00007ffeacaa0000 - 0x00007ffeacaac000 	c:\Users\rober\.vscode\extensions\redhat.java-1.14.0-win32-x64\jre\17.0.5-win32-x86_64\bin\vcruntime140_1.dll
0x00007ffe6db90000 - 0x00007ffe6dc21000 	c:\Users\rober\.vscode\extensions\redhat.java-1.14.0-win32-x64\jre\17.0.5-win32-x86_64\bin\msvcp140.dll
0x00007ffe6cf40000 - 0x00007ffe6db84000 	c:\Users\rober\.vscode\extensions\redhat.java-1.14.0-win32-x64\jre\17.0.5-win32-x86_64\bin\server\jvm.dll
0x00007ffec5d80000 - 0x00007ffec5e2e000 	C:\Windows\System32\ADVAPI32.dll
0x00007ffec7250000 - 0x00007ffec72ec000 	C:\Windows\System32\sechost.dll
0x00007ffec5b20000 - 0x00007ffec5c45000 	C:\Windows\System32\RPCRT4.dll
0x00007ffead980000 - 0x00007ffead989000 	C:\Windows\SYSTEM32\WSOCK32.dll
0x00007ffec6320000 - 0x00007ffec638b000 	C:\Windows\System32\WS2_32.dll
0x00007ffebab70000 - 0x00007ffebab97000 	C:\Windows\SYSTEM32\WINMM.dll
0x00007ffebcee0000 - 0x00007ffebceea000 	C:\Windows\SYSTEM32\VERSION.dll
0x00007ffec3390000 - 0x00007ffec33a2000 	C:\Windows\SYSTEM32\kernel.appcore.dll
0x00007ffeaa280000 - 0x00007ffeaa28a000 	c:\Users\rober\.vscode\extensions\redhat.java-1.14.0-win32-x64\jre\17.0.5-win32-x86_64\bin\jimage.dll
0x00007ffec27d0000 - 0x00007ffec29b4000 	C:\Windows\SYSTEM32\DBGHELP.DLL
0x00007ffeb02b0000 - 0x00007ffeb02e5000 	C:\Windows\SYSTEM32\dbgcore.DLL
0x00007ffec4d00000 - 0x00007ffec4d82000 	C:\Windows\System32\bcryptPrimitives.dll
0x00007ffea40c0000 - 0x00007ffea40e5000 	c:\Users\rober\.vscode\extensions\redhat.java-1.14.0-win32-x64\jre\17.0.5-win32-x86_64\bin\java.dll
0x00007ffe9d810000 - 0x00007ffe9d828000 	c:\Users\rober\.vscode\extensions\redhat.java-1.14.0-win32-x64\jre\17.0.5-win32-x86_64\bin\zip.dll
0x00007ffec6810000 - 0x00007ffec6f54000 	C:\Windows\System32\SHELL32.dll
0x00007ffec2be0000 - 0x00007ffec3372000 	C:\Windows\SYSTEM32\windows.storage.dll
0x00007ffec5f10000 - 0x00007ffec6265000 	C:\Windows\System32\combase.dll
0x00007ffec4530000 - 0x00007ffec4560000 	C:\Windows\SYSTEM32\Wldp.dll
0x00007ffec71a0000 - 0x00007ffec724d000 	C:\Windows\System32\SHCORE.dll
0x00007ffec6ff0000 - 0x00007ffec7045000 	C:\Windows\System32\shlwapi.dll
0x00007ffec4a80000 - 0x00007ffec4a9f000 	C:\Windows\SYSTEM32\profapi.dll
0x00007ffe7ee40000 - 0x00007ffe7ee59000 	C:\Users\rober\.vscode\extensions\redhat.java-1.14.0-win32-x64\jre\17.0.5-win32-x86_64\bin\net.dll
0x00007ffeba000000 - 0x00007ffeba10c000 	C:\Windows\SYSTEM32\WINHTTP.dll
0x00007ffec4220000 - 0x00007ffec428a000 	C:\Windows\system32\mswsock.dll
0x00007ffe75940000 - 0x00007ffe75955000 	C:\Users\rober\.vscode\extensions\redhat.java-1.14.0-win32-x64\jre\17.0.5-win32-x86_64\bin\nio.dll
0x00007ffea3950000 - 0x00007ffea3960000 	c:\Users\rober\.vscode\extensions\redhat.java-1.14.0-win32-x64\jre\17.0.5-win32-x86_64\bin\verify.dll
0x00007ffec4420000 - 0x00007ffec4438000 	C:\Windows\SYSTEM32\CRYPTSP.dll
0x00007ffec3b40000 - 0x00007ffec3b74000 	C:\Windows\system32\rsaenh.dll
0x00007ffec5460000 - 0x00007ffec5487000 	C:\Windows\System32\bcrypt.dll
0x00007ffec4a40000 - 0x00007ffec4a6e000 	C:\Windows\SYSTEM32\USERENV.dll
0x00007ffec4410000 - 0x00007ffec441c000 	C:\Windows\SYSTEM32\CRYPTBASE.dll
0x00007ffec3f10000 - 0x00007ffec3f4b000 	C:\Windows\SYSTEM32\IPHLPAPI.DLL
0x00007ffec6560000 - 0x00007ffec6568000 	C:\Windows\System32\NSI.dll
0x00007ffebabe0000 - 0x00007ffebabf7000 	C:\Windows\SYSTEM32\dhcpcsvc6.DLL
0x00007ffebcb50000 - 0x00007ffebcb6d000 	C:\Windows\SYSTEM32\dhcpcsvc.DLL
0x00007ffec3f50000 - 0x00007ffec401a000 	C:\Windows\SYSTEM32\DNSAPI.dll
0x00007ffec1e20000 - 0x00007ffec1e29000 	C:\Users\rober\.vscode\extensions\redhat.java-1.14.0-win32-x64\jre\17.0.5-win32-x86_64\bin\management.dll
0x00007ffebef80000 - 0x00007ffebef8b000 	C:\Users\rober\.vscode\extensions\redhat.java-1.14.0-win32-x64\jre\17.0.5-win32-x86_64\bin\management_ext.dll
0x00007ffec7190000 - 0x00007ffec7198000 	C:\Windows\System32\PSAPI.DLL
0x00007ffeb0050000 - 0x00007ffeb005e000 	C:\Users\rober\.vscode\extensions\redhat.java-1.14.0-win32-x64\jre\17.0.5-win32-x86_64\bin\sunmscapi.dll
0x00007ffec5300000 - 0x00007ffec5456000 	C:\Windows\System32\CRYPT32.dll
0x00007ffec45a0000 - 0x00007ffec45c7000 	C:\Windows\SYSTEM32\ncrypt.dll
0x00007ffec4560000 - 0x00007ffec459b000 	C:\Windows\SYSTEM32\NTASN1.dll
0x00007ffebcf20000 - 0x00007ffebcf2a000 	C:\Windows\System32\rasadhlp.dll
0x00007ffeb4e60000 - 0x00007ffeb4ee0000 	C:\Windows\System32\fwpuclnt.dll
0x000000006c500000 - 0x000000006c5c7000 	C:\Users\rober\AppData\Local\Temp\snappy-1.1.8-0d1332da-5597-40f5-949d-708087bebf75-snappyjava.dll

dbghelp: loaded successfully - version: 4.0.5 - missing functions: none
symbol engine: initialized successfully - sym options: 0x614 - pdb path: .;c:\Users\rober\.vscode\extensions\redhat.java-1.14.0-win32-x64\jre\17.0.5-win32-x86_64\bin;C:\Windows\SYSTEM32;C:\Windows\WinSxS\amd64_microsoft.windows.common-controls_6595b64144ccf1df_6.0.19041.1110_none_60b5254171f9507e;c:\Users\rober\.vscode\extensions\redhat.java-1.14.0-win32-x64\jre\17.0.5-win32-x86_64\bin\server;C:\Users\rober\AppData\Local\Temp

VM Arguments:
jvm_args: -XX:+HeapDumpOnOutOfMemoryError -Xmx1024m -Dsts.lsp.client=vscode -Dsts.log.file=/dev/null -XX:TieredStopAtLevel=1 -Xlog:jni+resolve=off -Dspring.config.location=file:c:\Users\rober\.vscode\extensions\vmware.vscode-spring-boot-1.44.0\language-server\BOOT-INF\classes\application.properties 
java_command: org.springframework.ide.vscode.boot.app.BootLanguageServerBootApp
java_class_path (initial): c:\Users\rober\.vscode\extensions\vmware.vscode-spring-boot-1.44.0\language-server\BOOT-INF\classes;c:\Users\rober\.vscode\extensions\vmware.vscode-spring-boot-1.44.0\language-server\BOOT-INF\lib\annotations-24.0.0.jar;c:\Users\rober\.vscode\extensions\vmware.vscode-spring-boot-1.44.0\language-server\BOOT-INF\lib\ant-1.10.13.jar;c:\Users\rober\.vscode\extensions\vmware.vscode-spring-boot-1.44.0\language-server\BOOT-INF\lib\ant-launcher-1.10.13.jar;c:\Users\rober\.vscode\extensions\vmware.vscode-spring-boot-1.44.0\language-server\BOOT-INF\lib\antlr-runtime-3.5.2.jar;c:\Users\rober\.vscode\extensions\vmware.vscode-spring-boot-1.44.0\language-server\BOOT-INF\lib\antlr4-4.9.3.jar;c:\Users\rober\.vscode\extensions\vmware.vscode-spring-boot-1.44.0\language-server\BOOT-INF\lib\antlr4-runtime-4.9.3.jar;c:\Users\rober\.vscode\extensions\vmware.vscode-spring-boot-1.44.0\language-server\BOOT-INF\lib\apiguardian-api-1.1.2.jar;c:\Users\rober\.vscode\extensions\vmware.vscode-spring-boot-1.44.0\language-server\BOOT-INF\lib\asm-9.4.jar;c:\Users\rober\.vscode\extensions\vmware.vscode-spring-boot-1.44.0\language-server\BOOT-INF\lib\asm-analysis-9.4.jar;c:\Users\rober\.vscode\extensions\vmware.vscode-spring-boot-1.44.0\language-server\BOOT-INF\lib\asm-tree-9.4.jar;c:\Users\rober\.vscode\extensions\vmware.vscode-spring-boot-1.44.0\language-server\BOOT-INF\lib\asm-util-9.4.jar;c:\Users\rober\.vscode\extensions\vmware.vscode-spring-boot-1.44.0\language-server\BOOT-INF\lib\caffeine-3.1.2.jar;c:\Users\rober\.vscode\extensions\vmware.vscode-spring-boot-1.44.0\language-server\BOOT-INF\lib\checker-qual-3.12.0.jar;c:\Users\rober\.vscode\extensions\vmware.vscode-spring-boot-1.44.0\language-server\BOOT-INF\lib\ci-environment-9.1.0.jar;c:\Users\rober\.vscode\extensions\vmware.vscode-spring-boot-1.44.0\language-server\BOOT-INF\lib\classgraph-4.8.149.jar;c:\Users\rober\.vscode\extensions\vmware.vscode-spring-boot-1.44.0\language-server\BOOT-INF\lib\commons-codec-1.15.ja
Launcher Type: SUN_STANDARD

[Global flags]
     intx CICompilerCount                          = 4                                         {product} {ergonomic}
     uint ConcGCThreads                            = 2                                         {product} {ergonomic}
     uint G1ConcRefinementThreads                  = 8                                         {product} {ergonomic}
   size_t G1HeapRegionSize                         = 1048576                                   {product} {ergonomic}
    uintx GCDrainStackTargetSize                   = 64                                        {product} {ergonomic}
     bool HeapDumpOnOutOfMemoryError               = true                                   {manageable} {command line}
   size_t InitialHeapSize                          = 100663296                                 {product} {ergonomic}
   size_t MarkStackSize                            = 4194304                                   {product} {ergonomic}
   size_t MaxHeapSize                              = 1073741824                                {product} {command line}
   size_t MaxNewSize                               = 643825664                                 {product} {ergonomic}
   size_t MinHeapDeltaBytes                        = 1048576                                   {product} {ergonomic}
   size_t MinHeapSize                              = 8388608                                   {product} {ergonomic}
    uintx NonProfiledCodeHeapSize                  = 0                                      {pd product} {ergonomic}
     bool ProfileInterpreter                       = false                                  {pd product} {command line}
    uintx ProfiledCodeHeapSize                     = 0                                      {pd product} {ergonomic}
   size_t SoftMaxHeapSize                          = 1073741824                             {manageable} {ergonomic}
     intx TieredStopAtLevel                        = 1                                         {product} {command line}
     bool UseCompressedClassPointers               = true                           {product lp64_product} {ergonomic}
     bool UseCompressedOops                        = true                           {product lp64_product} {ergonomic}
     bool UseG1GC                                  = true                                      {product} {ergonomic}
     bool UseLargePagesIndividualAllocation        = false                                  {pd product} {ergonomic}

Logging:
Log output configuration:
 #0: stdout all=warning,jni+resolve=off uptime,level,tags
 #1: stderr all=off uptime,level,tags

Environment Variables:
PATH=C:\Program Files\Common Files\Oracle\Java\javapath;C:\Windows\system32;C:\Windows;C:\Windows\System32\Wbem;C:\Windows\System32\WindowsPowerShell\v1.0\;C:\Windows\System32\OpenSSH\;C:\Gradle\gradle-7.6\bin;C:\Program Files\Git\cmd;C:\Php;C:\Program Files\OpenSSL-Win64\bin;C:\ProgramData\ComposerSetup\bin;C:\Program Files\nodejs\;C:\Users\rober\AppData\Local\Programs\Python\Python310\Scripts\;C:\Users\rober\AppData\Local\Programs\Python\Python310\;C:\Users\rober\AppData\Local\Microsoft\WindowsApps;C:\Users\rober\AppData\Local\Programs\Microsoft VS Code\bin;C:\Users\rober\AppData\Roaming\Composer\vendor\bin;C:\Users\rober\AppData\Roaming\npm
USERNAME=rober
OS=Windows_NT
PROCESSOR_IDENTIFIER=AMD64 Family 23 Model 24 Stepping 1, AuthenticAMD
TMP=C:\Users\rober\AppData\Local\Temp
TEMP=C:\Users\rober\AppData\Local\Temp



---------------  S Y S T E M  ---------------

OS:
 Windows 10 , 64 bit Build 19041 (10.0.19041.2364)
OS uptime: 1 days 7:56 hours

CPU: total 8 (initial active 8) (8 cores per cpu, 2 threads per core) family 23 model 24 stepping 1 microcode 0x0, cx8, cmov, fxsr, ht, mmx, 3dnowpref, sse, sse2, sse3, ssse3, sse4a, sse4.1, sse4.2, popcnt, lzcnt, tsc, tscinvbit, avx, avx2, aes, clmul, bmi1, bmi2, adx, sha, fma, vzeroupper, clflush, clflushopt

Memory: 4k page, system-wide physical 6091M (362M free)
TotalPageFile size 23731M (AvailPageFile size 27M)
current process WorkingSet (physical memory assigned to process): 139M, peak: 724M
current process commit charge ("private bytes"): 454M, peak: 835M

vm_info: OpenJDK 64-Bit Server VM (17.0.5+8) for windows-amd64 JRE (17.0.5+8), built on Oct 19 2022 04:48:13 by "temurin" with MS VC++ 16.7 (VS2019)

END.
