#
# There is insufficient memory for the Java Runtime Environment to continue.
# Native memory allocation (mmap) failed to map 114294784 bytes for G1 virtual space
# Possible reasons:
#   The system is out of physical RAM or swap space
#   The process is running with CompressedOops enabled, and the Java Heap may be blocking the growth of the native heap
# Possible solutions:
#   Reduce memory load on the system
#   Increase physical memory or swap space
#   Check if swap backing store is full
#   Decrease Java heap size (-Xmx/-Xms)
#   Decrease number of Java threads
#   Decrease Java thread stack sizes (-Xss)
#   Set larger code cache with -XX:ReservedCodeCacheSize=
#   JVM is running with Unscaled Compressed Oops mode in which the Java heap is
#     placed in the first 4GB address space. The Java Heap base address is the
#     maximum limit for the native heap growth. Please use -XX:HeapBaseMinAddress
#     to set the Java Heap base and to place the Java Heap above 4GB virtual address.
# This output file may be truncated or incomplete.
#
#  Out of Memory Error (os_windows.cpp:3548), pid=11836, tid=18660
#
# JRE version: OpenJDK Runtime Environment Temurin-17.0.5+8 (17.0.5+8) (build 17.0.5+8)
# Java VM: OpenJDK 64-Bit Server VM Temurin-17.0.5+8 (17.0.5+8, mixed mode, emulated-client, tiered, compressed oops, compressed class ptrs, g1 gc, windows-amd64)
# No core dump will be written. Minidumps are not enabled by default on client versions of Windows
#

---------------  S U M M A R Y ------------

Command Line: -XX:+HeapDumpOnOutOfMemoryError -Xmx1024m -Dsts.lsp.client=vscode -Dsts.log.file=/dev/null -XX:TieredStopAtLevel=1 -Xlog:jni+resolve=off -Dspring.config.location=file:c:\Users\rober\.vscode\extensions\vmware.vscode-spring-boot-1.44.0\language-server\BOOT-INF\classes\application.properties org.springframework.ide.vscode.boot.app.BootLanguageServerBootApp

Host: AMD Ryzen 5 3500U with Radeon Vega Mobile Gfx  , 8 cores, 5G,  Windows 10 , 64 bit Build 19041 (10.0.19041.2364)
Time: Mon Feb  6 22:10:36 2023 SA Pacific Standard Time elapsed time: 21.464684 seconds (0d 0h 0m 21s)

---------------  T H R E A D  ---------------

Current thread (0x0000012d759c1040):  VMThread "VM Thread" [stack: 0x0000001742800000,0x0000001742900000] [id=18660]

Stack: [0x0000001742800000,0x0000001742900000]
Native frames: (J=compiled Java code, j=interpreted, Vv=VM code, C=native code)
V  [jvm.dll+0x676b3a]
V  [jvm.dll+0x831444]
V  [jvm.dll+0x832bee]
V  [jvm.dll+0x833253]
V  [jvm.dll+0x244ce5]
V  [jvm.dll+0x673a49]
V  [jvm.dll+0x66811a]
V  [jvm.dll+0x303ceb]
V  [jvm.dll+0x30b1e6]
V  [jvm.dll+0x35adbe]
V  [jvm.dll+0x35afef]
V  [jvm.dll+0x2dab88]
V  [jvm.dll+0x2d8e3c]
V  [jvm.dll+0x2d840c]
V  [jvm.dll+0x31c31b]
V  [jvm.dll+0x8376fb]
V  [jvm.dll+0x838434]
V  [jvm.dll+0x83894c]
V  [jvm.dll+0x838d24]
V  [jvm.dll+0x838df0]
V  [jvm.dll+0x7e17ea]
V  [jvm.dll+0x6759e5]
C  [ucrtbase.dll+0x21bb2]
C  [KERNEL32.DLL+0x17614]
C  [ntdll.dll+0x526a1]

VM_Operation (0x00000017453fe890): G1CollectForAllocation, mode: safepoint, requested by thread 0x0000012d78739c10


---------------  P R O C E S S  ---------------

Threads class SMR info:
_java_thread_list=0x0000012d782108a0, length=35, elements={
0x0000012d759d9780, 0x0000012d759dad90, 0x0000012d75a09810, 0x0000012d75a0c4a0,
0x0000012d75a0e470, 0x0000012d75a0ee20, 0x0000012d75a0fc90, 0x0000012d75a124e0,
0x0000012d765d1240, 0x0000012d765dc9a0, 0x0000012d765e4af0, 0x0000012d782a1d20,
0x0000012d78317840, 0x0000012d77e876b0, 0x0000012d77df48b0, 0x0000012d77eba480,
0x0000012d6abd2ad0, 0x0000012d76497050, 0x0000012d7851f660, 0x0000012d78540220,
0x0000012d78540d30, 0x0000012d78581190, 0x0000012d7857e170, 0x0000012d78581660,
0x0000012d7857e640, 0x0000012d7857dca0, 0x0000012d78580320, 0x0000012d7857f980,
0x0000012d785807f0, 0x0000012d7857eb10, 0x0000012d7857efe0, 0x0000012d7857fe50,
0x0000012d7857f4b0, 0x0000012d78580cc0, 0x0000012d78739c10
}

Java Threads: ( => current thread )
  0x0000012d759d9780 JavaThread "Reference Handler" daemon [_thread_blocked, id=21744, stack(0x0000001742900000,0x0000001742a00000)]
  0x0000012d759dad90 JavaThread "Finalizer" daemon [_thread_blocked, id=7812, stack(0x0000001742a00000,0x0000001742b00000)]
  0x0000012d75a09810 JavaThread "Signal Dispatcher" daemon [_thread_blocked, id=22412, stack(0x0000001742b00000,0x0000001742c00000)]
  0x0000012d75a0c4a0 JavaThread "Attach Listener" daemon [_thread_blocked, id=17492, stack(0x0000001742c00000,0x0000001742d00000)]
  0x0000012d75a0e470 JavaThread "Service Thread" daemon [_thread_blocked, id=21580, stack(0x0000001742d00000,0x0000001742e00000)]
  0x0000012d75a0ee20 JavaThread "Monitor Deflation Thread" daemon [_thread_blocked, id=19876, stack(0x0000001742e00000,0x0000001742f00000)]
  0x0000012d75a0fc90 JavaThread "C1 CompilerThread0" daemon [_thread_blocked, id=22008, stack(0x0000001742f00000,0x0000001743000000)]
  0x0000012d75a124e0 JavaThread "Sweeper thread" daemon [_thread_blocked, id=20324, stack(0x0000001743000000,0x0000001743100000)]
  0x0000012d765d1240 JavaThread "C1 CompilerThread1" daemon [_thread_blocked, id=18004, stack(0x0000001743100000,0x0000001743200000)]
  0x0000012d765dc9a0 JavaThread "Notification Thread" daemon [_thread_blocked, id=19544, stack(0x0000001743200000,0x0000001743300000)]
  0x0000012d765e4af0 JavaThread "Common-Cleaner" daemon [_thread_blocked, id=11312, stack(0x0000001743400000,0x0000001743500000)]
  0x0000012d782a1d20 JavaThread "C1 CompilerThread2" daemon [_thread_blocked, id=18476, stack(0x0000001743d00000,0x0000001743e00000)]
  0x0000012d78317840 JavaThread "boundedElastic-evictor-1" daemon [_thread_blocked, id=14032, stack(0x0000001743e00000,0x0000001743f00000)]
  0x0000012d77e876b0 JavaThread "boundedElastic-evictor-2" daemon [_thread_blocked, id=22004, stack(0x0000001743f00000,0x0000001744000000)]
  0x0000012d77df48b0 JavaThread "pool-10-thread-1" [_thread_blocked, id=21856, stack(0x0000001744000000,0x0000001744100000)]
  0x0000012d77eba480 JavaThread "LanguageServerApp-lifecycle" [_thread_blocked, id=6748, stack(0x0000001744100000,0x0000001744200000)]
  0x0000012d6abd2ad0 JavaThread "DestroyJavaVM" [_thread_blocked, id=21932, stack(0x0000001742200000,0x0000001742300000)]
  0x0000012d76497050 JavaThread "pool-11-thread-1" [_thread_in_native, id=19192, stack(0x0000001744200000,0x0000001744300000)]
  0x0000012d7851f660 JavaThread "Simple-Language-Server main thread" daemon [_thread_blocked, id=18772, stack(0x0000001744300000,0x0000001744400000)]
  0x0000012d78540220 JavaThread "pool-6-thread-1" [_thread_blocked, id=22264, stack(0x0000001744400000,0x0000001744500000)]
  0x0000012d78540d30 JavaThread "ForkJoinPool.commonPool-worker-1" daemon [_thread_blocked, id=5372, stack(0x0000001744500000,0x0000001744600000)]
  0x0000012d78581190 JavaThread "ClassGraph-worker-0" daemon [_thread_blocked, id=7232, stack(0x0000001744600000,0x0000001744700000)]
  0x0000012d7857e170 JavaThread "ClassGraph-worker-1" daemon [_thread_blocked, id=13536, stack(0x0000001744700000,0x0000001744800000)]
  0x0000012d78581660 JavaThread "ClassGraph-worker-2" daemon [_thread_blocked, id=10864, stack(0x0000001744800000,0x0000001744900000)]
  0x0000012d7857e640 JavaThread "ClassGraph-worker-3" daemon [_thread_blocked, id=17844, stack(0x0000001744900000,0x0000001744a00000)]
  0x0000012d7857dca0 JavaThread "ClassGraph-worker-4" daemon [_thread_blocked, id=15588, stack(0x0000001744a00000,0x0000001744b00000)]
  0x0000012d78580320 JavaThread "ClassGraph-worker-5" daemon [_thread_blocked, id=17412, stack(0x0000001744b00000,0x0000001744c00000)]
  0x0000012d7857f980 JavaThread "ClassGraph-worker-6" daemon [_thread_blocked, id=10332, stack(0x0000001744c00000,0x0000001744d00000)]
  0x0000012d785807f0 JavaThread "ClassGraph-worker-7" daemon [_thread_blocked, id=18832, stack(0x0000001744d00000,0x0000001744e00000)]
  0x0000012d7857eb10 JavaThread "ClassGraph-worker-8" daemon [_thread_blocked, id=8616, stack(0x0000001744e00000,0x0000001744f00000)]
  0x0000012d7857efe0 JavaThread "ClassGraph-worker-9" daemon [_thread_blocked, id=3240, stack(0x0000001744f00000,0x0000001745000000)]
  0x0000012d7857fe50 JavaThread "ClassGraph-worker-10" daemon [_thread_blocked, id=15980, stack(0x0000001745000000,0x0000001745100000)]
  0x0000012d7857f4b0 JavaThread "ClassGraph-worker-11" daemon [_thread_blocked, id=17044, stack(0x0000001745100000,0x0000001745200000)]
  0x0000012d78580cc0 JavaThread "ClassGraph-worker-12" daemon [_thread_blocked, id=15236, stack(0x0000001745200000,0x0000001745300000)]
  0x0000012d78739c10 JavaThread "ClassGraph-worker-13" daemon [_thread_blocked, id=19196, stack(0x0000001745300000,0x0000001745400000)]

Other Threads:
=>0x0000012d759c1040 VMThread "VM Thread" [stack: 0x0000001742800000,0x0000001742900000] [id=18660]
  0x0000012d765de690 WatcherThread [stack: 0x0000001743300000,0x0000001743400000] [id=16800]
  0x0000012d6ac14450 GCTaskThread "GC Thread#0" [stack: 0x0000001742300000,0x0000001742400000] [id=9092]
  0x0000012d76f36e20 GCTaskThread "GC Thread#1" [stack: 0x0000001743500000,0x0000001743600000] [id=16128]
  0x0000012d76f3b3f0 GCTaskThread "GC Thread#2" [stack: 0x0000001743600000,0x0000001743700000] [id=8324]
  0x0000012d76f292f0 GCTaskThread "GC Thread#3" [stack: 0x0000001743700000,0x0000001743800000] [id=6100]
  0x0000012d76fef850 GCTaskThread "GC Thread#4" [stack: 0x0000001743800000,0x0000001743900000] [id=3328]
  0x0000012d76e74b80 GCTaskThread "GC Thread#5" [stack: 0x0000001743a00000,0x0000001743b00000] [id=21176]
  0x0000012d76e74e30 GCTaskThread "GC Thread#6" [stack: 0x0000001743b00000,0x0000001743c00000] [id=16964]
  0x0000012d76e770f0 GCTaskThread "GC Thread#7" [stack: 0x0000001743c00000,0x0000001743d00000] [id=16076]
  0x0000012d6ac1d390 ConcurrentGCThread "G1 Main Marker" [stack: 0x0000001742400000,0x0000001742500000] [id=9336]
  0x0000012d6ac1dda0 ConcurrentGCThread "G1 Conc#0" [stack: 0x0000001742500000,0x0000001742600000] [id=3312]
  0x0000012d78028b10 ConcurrentGCThread "G1 Conc#1" [stack: 0x0000001743900000,0x0000001743a00000] [id=16008]
  0x0000012d6ac8e5c0 ConcurrentGCThread "G1 Refine#0" [stack: 0x0000001742600000,0x0000001742700000] [id=20720]
  0x0000012d78714a70 ConcurrentGCThread "G1 Refine#1" [stack: 0x0000001745400000,0x0000001745500000] [id=15624]
  0x0000012d7a232f00 ConcurrentGCThread "G1 Refine#2" [stack: 0x0000001745500000,0x0000001745600000] [id=21884]
  0x0000012d6ac8efe0 ConcurrentGCThread "G1 Service" [stack: 0x0000001742700000,0x0000001742800000] [id=21720]

Threads with active compile tasks:
C1 CompilerThread0    21502 3784   !   1       jdk.internal.jimage.decompressor.Decompressor::decompressResource (260 bytes)
C1 CompilerThread1    21502 3776       1       jdk.internal.jimage.ImageReader::findLocation (14 bytes)
C1 CompilerThread2    21502 3778   !   1       io.github.classgraph.Classfile::<init> (860 bytes)

VM state: at safepoint (normal execution)

VM Mutex/Monitor currently owned by a thread:  ([mutex/lock_event])
[0x0000012d68977c90] Threads_lock - owner thread: 0x0000012d759c1040
[0x0000012d6abd0730] Heap_lock - owner thread: 0x0000012d78739c10

Heap address: 0x00000000c0000000, size: 1024 MB, Compressed Oops mode: 32-bit

CDS archive(s) not mapped
Compressed class space mapped at: 0x0000000100000000-0x0000000140000000, reserved size: 1073741824
Narrow klass base: 0x0000000000000000, Narrow klass shift: 3, Narrow klass range: 0x140000000

GC Precious Log:
 CPUs: 8 total, 8 available
 Memory: 6091M
 Large Page Support: Disabled
 NUMA Support: Disabled
 Compressed Oops: Enabled (32-bit)
 Heap Region Size: 1M
 Heap Min Capacity: 8M
 Heap Initial Capacity: 96M
 Heap Max Capacity: 1G
 Pre-touch: Disabled
 Parallel Workers: 8
 Concurrent Workers: 2
 Concurrent Refinement Workers: 8
 Periodic GC: Disabled

Heap:
 garbage-first heap   total 111616K, used 66091K [0x00000000c0000000, 0x0000000100000000)
  region size 1024K, 1 young (1024K), 1 survivors (1024K)
 Metaspace       used 35693K, committed 36160K, reserved 1081344K
  class space    used 4627K, committed 4864K, reserved 1048576K

Heap Regions: E=young(eden), S=young(survivor), O=old, HS=humongous(starts), HC=humongous(continues), CS=collection set, F=free, OA=open archive, CA=closed archive, TAMS=top-at-mark-start (previous, next)
|   0|0x00000000c0000000, 0x00000000c0100000, 0x00000000c0100000|100%| O|  |TAMS 0x00000000c0100000, 0x00000000c0000000| Untracked 
|   1|0x00000000c0100000, 0x00000000c0200000, 0x00000000c0200000|100%| O|  |TAMS 0x00000000c0200000, 0x00000000c0100000| Untracked 
|   2|0x00000000c0200000, 0x00000000c0300000, 0x00000000c0300000|100%| O|  |TAMS 0x00000000c0300000, 0x00000000c0200000| Untracked 
|   3|0x00000000c0300000, 0x00000000c0400000, 0x00000000c0400000|100%| O|  |TAMS 0x00000000c0400000, 0x00000000c0300000| Untracked 
|   4|0x00000000c0400000, 0x00000000c0500000, 0x00000000c0500000|100%| O|  |TAMS 0x00000000c0500000, 0x00000000c0400000| Untracked 
|   5|0x00000000c0500000, 0x00000000c0600000, 0x00000000c0600000|100%| O|  |TAMS 0x00000000c0600000, 0x00000000c0500000| Untracked 
|   6|0x00000000c0600000, 0x00000000c0700000, 0x00000000c0700000|100%| O|  |TAMS 0x00000000c0700000, 0x00000000c0600000| Untracked 
|   7|0x00000000c0700000, 0x00000000c0800000, 0x00000000c0800000|100%| O|  |TAMS 0x00000000c0800000, 0x00000000c0700000| Untracked 
|   8|0x00000000c0800000, 0x00000000c0900000, 0x00000000c0900000|100%| O|  |TAMS 0x00000000c0900000, 0x00000000c0800000| Untracked 
|   9|0x00000000c0900000, 0x00000000c0a00000, 0x00000000c0a00000|100%| O|  |TAMS 0x00000000c0a00000, 0x00000000c0900000| Untracked 
|  10|0x00000000c0a00000, 0x00000000c0a00000, 0x00000000c0b00000|  0%| F|  |TAMS 0x00000000c0a00000, 0x00000000c0a00000| Untracked 
|  11|0x00000000c0b00000, 0x00000000c0c00000, 0x00000000c0c00000|100%| O|  |TAMS 0x00000000c0c00000, 0x00000000c0b00000| Untracked 
|  12|0x00000000c0c00000, 0x00000000c0d00000, 0x00000000c0d00000|100%| O|  |TAMS 0x00000000c0d00000, 0x00000000c0c00000| Untracked 
|  13|0x00000000c0d00000, 0x00000000c0e00000, 0x00000000c0e00000|100%| O|  |TAMS 0x00000000c0e00000, 0x00000000c0d00000| Untracked 
|  14|0x00000000c0e00000, 0x00000000c0f00000, 0x00000000c0f00000|100%| O|  |TAMS 0x00000000c0f00000, 0x00000000c0e00000| Untracked 
|  15|0x00000000c0f00000, 0x00000000c1000000, 0x00000000c1000000|100%| O|  |TAMS 0x00000000c1000000, 0x00000000c0f00000| Untracked 
|  16|0x00000000c1000000, 0x00000000c1100000, 0x00000000c1100000|100%| O|  |TAMS 0x00000000c1100000, 0x00000000c1000000| Untracked 
|  17|0x00000000c1100000, 0x00000000c1200000, 0x00000000c1200000|100%| O|  |TAMS 0x00000000c1200000, 0x00000000c1100000| Untracked 
|  18|0x00000000c1200000, 0x00000000c1300000, 0x00000000c1300000|100%| O|  |TAMS 0x00000000c1300000, 0x00000000c1200000| Untracked 
|  19|0x00000000c1300000, 0x00000000c1400000, 0x00000000c1400000|100%| O|  |TAMS 0x00000000c1400000, 0x00000000c1300000| Untracked 
|  20|0x00000000c1400000, 0x00000000c1500000, 0x00000000c1500000|100%| O|  |TAMS 0x00000000c1500000, 0x00000000c1400000| Untracked 
|  21|0x00000000c1500000, 0x00000000c1600000, 0x00000000c1600000|100%| O|  |TAMS 0x00000000c1600000, 0x00000000c1500000| Untracked 
|  22|0x00000000c1600000, 0x00000000c1700000, 0x00000000c1700000|100%| O|  |TAMS 0x00000000c1700000, 0x00000000c1600000| Untracked 
|  23|0x00000000c1700000, 0x00000000c1800000, 0x00000000c1800000|100%| O|  |TAMS 0x00000000c1800000, 0x00000000c1700000| Untracked 
|  24|0x00000000c1800000, 0x00000000c1900000, 0x00000000c1900000|100%| O|  |TAMS 0x00000000c1900000, 0x00000000c1800000| Untracked 
|  25|0x00000000c1900000, 0x00000000c1a00000, 0x00000000c1a00000|100%| O|  |TAMS 0x00000000c1a00000, 0x00000000c1900000| Untracked 
|  26|0x00000000c1a00000, 0x00000000c1b00000, 0x00000000c1b00000|100%| O|  |TAMS 0x00000000c1b00000, 0x00000000c1a00000| Untracked 
|  27|0x00000000c1b00000, 0x00000000c1c00000, 0x00000000c1c00000|100%| O|  |TAMS 0x00000000c1c00000, 0x00000000c1b00000| Untracked 
|  28|0x00000000c1c00000, 0x00000000c1d00000, 0x00000000c1d00000|100%| O|  |TAMS 0x00000000c1d00000, 0x00000000c1c00000| Untracked 
|  29|0x00000000c1d00000, 0x00000000c1e00000, 0x00000000c1e00000|100%| O|  |TAMS 0x00000000c1e00000, 0x00000000c1d00000| Untracked 
|  30|0x00000000c1e00000, 0x00000000c1f00000, 0x00000000c1f00000|100%| O|  |TAMS 0x00000000c1f00000, 0x00000000c1e00000| Untracked 
|  31|0x00000000c1f00000, 0x00000000c2000000, 0x00000000c2000000|100%| O|  |TAMS 0x00000000c2000000, 0x00000000c1f00000| Untracked 
|  32|0x00000000c2000000, 0x00000000c2100000, 0x00000000c2100000|100%| O|  |TAMS 0x00000000c2100000, 0x00000000c2000000| Untracked 
|  33|0x00000000c2100000, 0x00000000c2200000, 0x00000000c2200000|100%| O|  |TAMS 0x00000000c2200000, 0x00000000c2100000| Untracked 
|  34|0x00000000c2200000, 0x00000000c2300000, 0x00000000c2300000|100%| O|  |TAMS 0x00000000c2300000, 0x00000000c2200000| Untracked 
|  35|0x00000000c2300000, 0x00000000c2400000, 0x00000000c2400000|100%| O|  |TAMS 0x00000000c2400000, 0x00000000c2300000| Untracked 
|  36|0x00000000c2400000, 0x00000000c2500000, 0x00000000c2500000|100%| O|  |TAMS 0x00000000c2500000, 0x00000000c2400000| Untracked 
|  37|0x00000000c2500000, 0x00000000c2600000, 0x00000000c2600000|100%| O|  |TAMS 0x00000000c2600000, 0x00000000c2500000| Untracked 
|  38|0x00000000c2600000, 0x00000000c2700000, 0x00000000c2700000|100%| O|  |TAMS 0x00000000c2600000, 0x00000000c2600000| Untracked 
|  39|0x00000000c2700000, 0x00000000c2800000, 0x00000000c2800000|100%| O|  |TAMS 0x00000000c2800000, 0x00000000c2700000| Untracked 
|  40|0x00000000c2800000, 0x00000000c2900000, 0x00000000c2900000|100%| O|  |TAMS 0x00000000c2900000, 0x00000000c2800000| Untracked 
|  41|0x00000000c2900000, 0x00000000c2a00000, 0x00000000c2a00000|100%| O|  |TAMS 0x00000000c2a00000, 0x00000000c2900000| Untracked 
|  42|0x00000000c2a00000, 0x00000000c2b00000, 0x00000000c2b00000|100%| O|  |TAMS 0x00000000c2b00000, 0x00000000c2a00000| Untracked 
|  43|0x00000000c2b00000, 0x00000000c2c00000, 0x00000000c2c00000|100%| O|  |TAMS 0x00000000c2c00000, 0x00000000c2b00000| Untracked 
|  44|0x00000000c2c00000, 0x00000000c2d00000, 0x00000000c2d00000|100%| O|  |TAMS 0x00000000c2d00000, 0x00000000c2c00000| Untracked 
|  45|0x00000000c2d00000, 0x00000000c2e00000, 0x00000000c2e00000|100%| O|  |TAMS 0x00000000c2e00000, 0x00000000c2d00000| Untracked 
|  46|0x00000000c2e00000, 0x00000000c2f00000, 0x00000000c2f00000|100%| O|  |TAMS 0x00000000c2e1d800, 0x00000000c2e00000| Untracked 
|  47|0x00000000c2f00000, 0x00000000c3000000, 0x00000000c3000000|100%| O|  |TAMS 0x00000000c2f00000, 0x00000000c2f00000| Untracked 
|  48|0x00000000c3000000, 0x00000000c3100000, 0x00000000c3100000|100%| O|  |TAMS 0x00000000c3000000, 0x00000000c3000000| Untracked 
|  49|0x00000000c3100000, 0x00000000c3200000, 0x00000000c3200000|100%| O|  |TAMS 0x00000000c3100000, 0x00000000c3100000| Untracked 
|  50|0x00000000c3200000, 0x00000000c3300000, 0x00000000c3300000|100%| O|  |TAMS 0x00000000c3200000, 0x00000000c3200000| Untracked 
|  51|0x00000000c3300000, 0x00000000c3400000, 0x00000000c3400000|100%| O|  |TAMS 0x00000000c3300000, 0x00000000c3300000| Untracked 
|  52|0x00000000c3400000, 0x00000000c3500000, 0x00000000c3500000|100%| O|  |TAMS 0x00000000c3400000, 0x00000000c3400000| Untracked 
|  53|0x00000000c3500000, 0x00000000c3600000, 0x00000000c3600000|100%| O|  |TAMS 0x00000000c3500000, 0x00000000c3500000| Untracked 
|  54|0x00000000c3600000, 0x00000000c3700000, 0x00000000c3700000|100%| O|  |TAMS 0x00000000c3600000, 0x00000000c3600000| Untracked 
|  55|0x00000000c3700000, 0x00000000c3800000, 0x00000000c3800000|100%|HS|  |TAMS 0x00000000c3700000, 0x00000000c3700000| Complete 
|  56|0x00000000c3800000, 0x00000000c3900000, 0x00000000c3900000|100%| O|  |TAMS 0x00000000c3800000, 0x00000000c3800000| Untracked 
|  57|0x00000000c3900000, 0x00000000c3a00000, 0x00000000c3a00000|100%| O|  |TAMS 0x00000000c3900000, 0x00000000c3900000| Untracked 
|  58|0x00000000c3a00000, 0x00000000c3b00000, 0x00000000c3b00000|100%| O|  |TAMS 0x00000000c3a00000, 0x00000000c3a00000| Untracked 
|  59|0x00000000c3b00000, 0x00000000c3c00000, 0x00000000c3c00000|100%| O|  |TAMS 0x00000000c3b00000, 0x00000000c3b00000| Untracked 
|  60|0x00000000c3c00000, 0x00000000c3d00000, 0x00000000c3d00000|100%| O|  |TAMS 0x00000000c3c00000, 0x00000000c3c00000| Untracked 
|  61|0x00000000c3d00000, 0x00000000c3e00000, 0x00000000c3e00000|100%| O|  |TAMS 0x00000000c3d00000, 0x00000000c3d00000| Untracked 
|  62|0x00000000c3e00000, 0x00000000c3f00000, 0x00000000c3f00000|100%| O|  |TAMS 0x00000000c3e00000, 0x00000000c3e00000| Untracked 
|  63|0x00000000c3f00000, 0x00000000c4000000, 0x00000000c4000000|100%| O|  |TAMS 0x00000000c3f00000, 0x00000000c3f00000| Untracked 
|  64|0x00000000c4000000, 0x00000000c40ff200, 0x00000000c4100000| 99%| O|  |TAMS 0x00000000c4000000, 0x00000000c4000000| Untracked 
|  65|0x00000000c4100000, 0x00000000c4100000, 0x00000000c4200000|  0%| F|  |TAMS 0x00000000c4100000, 0x00000000c4100000| Untracked 
|  66|0x00000000c4200000, 0x00000000c4200000, 0x00000000c4300000|  0%| F|  |TAMS 0x00000000c4200000, 0x00000000c4200000| Untracked 
|  67|0x00000000c4300000, 0x00000000c4300000, 0x00000000c4400000|  0%| F|  |TAMS 0x00000000c4300000, 0x00000000c4300000| Untracked 
|  68|0x00000000c4400000, 0x00000000c4400000, 0x00000000c4500000|  0%| F|  |TAMS 0x00000000c4400000, 0x00000000c4400000| Untracked 
|  69|0x00000000c4500000, 0x00000000c4500000, 0x00000000c4600000|  0%| F|  |TAMS 0x00000000c4500000, 0x00000000c4500000| Untracked 
|  70|0x00000000c4600000, 0x00000000c4600000, 0x00000000c4700000|  0%| F|  |TAMS 0x00000000c4600000, 0x00000000c4600000| Untracked 
|  71|0x00000000c4700000, 0x00000000c4700000, 0x00000000c4800000|  0%| F|  |TAMS 0x00000000c4700000, 0x00000000c4700000| Untracked 
|  72|0x00000000c4800000, 0x00000000c4800000, 0x00000000c4900000|  0%| F|  |TAMS 0x00000000c4800000, 0x00000000c4800000| Untracked 
|  73|0x00000000c4900000, 0x00000000c4900000, 0x00000000c4a00000|  0%| F|  |TAMS 0x00000000c4900000, 0x00000000c4900000| Untracked 
|  74|0x00000000c4a00000, 0x00000000c4a00000, 0x00000000c4b00000|  0%| F|  |TAMS 0x00000000c4a00000, 0x00000000c4a00000| Untracked 
|  75|0x00000000c4b00000, 0x00000000c4b00000, 0x00000000c4c00000|  0%| F|  |TAMS 0x00000000c4b00000, 0x00000000c4b00000| Untracked 
|  76|0x00000000c4c00000, 0x00000000c4c00000, 0x00000000c4d00000|  0%| F|  |TAMS 0x00000000c4c00000, 0x00000000c4c00000| Untracked 
|  77|0x00000000c4d00000, 0x00000000c4d00000, 0x00000000c4e00000|  0%| F|  |TAMS 0x00000000c4d00000, 0x00000000c4d00000| Untracked 
|  78|0x00000000c4e00000, 0x00000000c4e00000, 0x00000000c4f00000|  0%| F|  |TAMS 0x00000000c4e00000, 0x00000000c4e00000| Untracked 
|  79|0x00000000c4f00000, 0x00000000c4f00000, 0x00000000c5000000|  0%| F|  |TAMS 0x00000000c4f00000, 0x00000000c4f00000| Untracked 
|  80|0x00000000c5000000, 0x00000000c5000000, 0x00000000c5100000|  0%| F|  |TAMS 0x00000000c5000000, 0x00000000c5000000| Untracked 
|  81|0x00000000c5100000, 0x00000000c5100000, 0x00000000c5200000|  0%| F|  |TAMS 0x00000000c5100000, 0x00000000c5100000| Untracked 
|  82|0x00000000c5200000, 0x00000000c5200000, 0x00000000c5300000|  0%| F|  |TAMS 0x00000000c5200000, 0x00000000c5200000| Untracked 
|  83|0x00000000c5300000, 0x00000000c5300000, 0x00000000c5400000|  0%| F|  |TAMS 0x00000000c5300000, 0x00000000c5300000| Untracked 
|  84|0x00000000c5400000, 0x00000000c5400000, 0x00000000c5500000|  0%| F|  |TAMS 0x00000000c5400000, 0x00000000c5400000| Untracked 
|  85|0x00000000c5500000, 0x00000000c5500000, 0x00000000c5600000|  0%| F|  |TAMS 0x00000000c5500000, 0x00000000c5500000| Untracked 
|  86|0x00000000c5600000, 0x00000000c5600000, 0x00000000c5700000|  0%| F|  |TAMS 0x00000000c5600000, 0x00000000c5600000| Untracked 
|  87|0x00000000c5700000, 0x00000000c5700000, 0x00000000c5800000|  0%| F|  |TAMS 0x00000000c5700000, 0x00000000c5700000| Untracked 
|  88|0x00000000c5800000, 0x00000000c5800000, 0x00000000c5900000|  0%| F|  |TAMS 0x00000000c5800000, 0x00000000c5800000| Untracked 
|  89|0x00000000c5900000, 0x00000000c5900000, 0x00000000c5a00000|  0%| F|  |TAMS 0x00000000c5900000, 0x00000000c5900000| Untracked 
|  90|0x00000000c5a00000, 0x00000000c5a00000, 0x00000000c5b00000|  0%| F|  |TAMS 0x00000000c5a00000, 0x00000000c5a00000| Untracked 
|  91|0x00000000c5b00000, 0x00000000c5b00000, 0x00000000c5c00000|  0%| F|  |TAMS 0x00000000c5b00000, 0x00000000c5b00000| Untracked 
|  92|0x00000000c5c00000, 0x00000000c5c00000, 0x00000000c5d00000|  0%| F|  |TAMS 0x00000000c5c00000, 0x00000000c5c00000| Untracked 
|  93|0x00000000c5d00000, 0x00000000c5d00000, 0x00000000c5e00000|  0%| F|  |TAMS 0x00000000c5d00000, 0x00000000c5d00000| Untracked 
|  94|0x00000000c5e00000, 0x00000000c5e00000, 0x00000000c5f00000|  0%| F|  |TAMS 0x00000000c5e00000, 0x00000000c5e00000| Untracked 
|  95|0x00000000c5f00000, 0x00000000c5f00000, 0x00000000c6000000|  0%| F|  |TAMS 0x00000000c5f00000, 0x00000000c5f00000| Untracked 
|  96|0x00000000c6000000, 0x00000000c6000000, 0x00000000c6100000|  0%| F|  |TAMS 0x00000000c6000000, 0x00000000c6000000| Untracked 
|  97|0x00000000c6100000, 0x00000000c6100000, 0x00000000c6200000|  0%| F|  |TAMS 0x00000000c6100000, 0x00000000c6100000| Untracked 
|  98|0x00000000c6200000, 0x00000000c6200000, 0x00000000c6300000|  0%| F|  |TAMS 0x00000000c6200000, 0x00000000c6200000| Untracked 
|  99|0x00000000c6300000, 0x00000000c6300000, 0x00000000c6400000|  0%| F|  |TAMS 0x00000000c6300000, 0x00000000c6300000| Untracked 
| 100|0x00000000c6400000, 0x00000000c6400000, 0x00000000c6500000|  0%| F|  |TAMS 0x00000000c6400000, 0x00000000c6400000| Untracked 
| 101|0x00000000c6500000, 0x00000000c6500000, 0x00000000c6600000|  0%| F|  |TAMS 0x00000000c6500000, 0x00000000c6500000| Untracked 
| 102|0x00000000c6600000, 0x00000000c6600000, 0x00000000c6700000|  0%| F|  |TAMS 0x00000000c6600000, 0x00000000c6600000| Untracked 
| 103|0x00000000c6700000, 0x00000000c6700000, 0x00000000c6800000|  0%| F|  |TAMS 0x00000000c6700000, 0x00000000c6700000| Untracked 
| 104|0x00000000c6800000, 0x00000000c6800000, 0x00000000c6900000|  0%| F|  |TAMS 0x00000000c6800000, 0x00000000c6800000| Untracked 
| 105|0x00000000c6900000, 0x00000000c6900000, 0x00000000c6a00000|  0%| F|  |TAMS 0x00000000c6900000, 0x00000000c6900000| Untracked 
| 106|0x00000000c6a00000, 0x00000000c6a8ba50, 0x00000000c6b00000| 54%| S|CS|TAMS 0x00000000c6a00000, 0x00000000c6a00000| Complete 
| 107|0x00000000c6b00000, 0x00000000c6b00000, 0x00000000c6c00000|  0%| F|  |TAMS 0x00000000c6b00000, 0x00000000c6b00000| Untracked 
| 108|0x00000000c6c00000, 0x00000000c6c00000, 0x00000000c6d00000|  0%| F|  |TAMS 0x00000000c6c00000, 0x00000000c6c00000| Untracked 

Card table byte_map: [0x0000012d70b70000,0x0000012d70d70000] _byte_map_base: 0x0000012d70570000

Marking Bits (Prev, Next): (CMBitMap*) 0x0000012d6ac14a60, (CMBitMap*) 0x0000012d6ac14aa0
 Prev Bits: [0x0000012d70f70000, 0x0000012d71f70000)
 Next Bits: [0x0000012d71f70000, 0x0000012d72f70000)

Polling page: 0x0000012d68bb0000

Metaspace:

Usage:
  Non-class:     30.34 MB used.
      Class:      4.52 MB used.
       Both:     34.86 MB used.

Virtual space:
  Non-class space:       32.00 MB reserved,      30.56 MB ( 96%) committed,  4 nodes.
      Class space:        1.00 GB reserved,       4.75 MB ( <1%) committed,  1 nodes.
             Both:        1.03 GB reserved,      35.31 MB (  3%) committed. 

Chunk freelists:
   Non-Class:  608.00 KB
       Class:  3.18 MB
        Both:  3.78 MB

MaxMetaspaceSize: unlimited
CompressedClassSpaceSize: 1.00 GB
Initial GC threshold: 21.00 MB
Current GC threshold: 58.69 MB
CDS: off
MetaspaceReclaimPolicy: balanced
 - commit_granule_bytes: 65536.
 - commit_granule_words: 8192.
 - virtual_space_node_default_size: 1048576.
 - enlarge_chunks_in_place: 1.
 - new_chunks_are_fully_committed: 0.
 - uncommit_free_chunks: 1.
 - use_allocation_guard: 0.
 - handle_deallocations: 1.


Internal statistics:

num_allocs_failed_limit: 3.
num_arena_births: 468.
num_arena_deaths: 0.
num_vsnodes_births: 5.
num_vsnodes_deaths: 0.
num_space_committed: 565.
num_space_uncommitted: 0.
num_chunks_returned_to_freelist: 3.
num_chunks_taken_from_freelist: 1513.
num_chunk_merges: 3.
num_chunk_splits: 1018.
num_chunks_enlarged: 759.
num_purges: 0.
num_inconsistent_stats: 0.

CodeCache: size=49152Kb used=8522Kb max_used=8522Kb free=40629Kb
 bounds [0x0000012d6d860000, 0x0000012d6e0c0000, 0x0000012d70860000]
 total_blobs=4316 nmethods=3777 adapters=464
 compilation: enabled
              stopped_count=0, restarted_count=0
 full_count=0

Compilation events (20 events):
Event: 21.402 Thread 0x0000012d765d1240 nmethod 3768 0x0000012d6e0a9490 code [0x0000012d6e0a9620, 0x0000012d6e0a9778]
Event: 21.403 Thread 0x0000012d765d1240 3769       1       java.io.ByteArrayInputStream::<init> (26 bytes)
Event: 21.403 Thread 0x0000012d765d1240 nmethod 3769 0x0000012d6e0a9810 code [0x0000012d6e0a99a0, 0x0000012d6e0a9ad8]
Event: 21.444 Thread 0x0000012d782a1d20 3770       1       java.io.ByteArrayInputStream::close (1 bytes)
Event: 21.444 Thread 0x0000012d782a1d20 nmethod 3770 0x0000012d6e0a9b90 code [0x0000012d6e0a9d20, 0x0000012d6e0a9dd8]
Event: 21.445 Thread 0x0000012d782a1d20 3771   !   1       java.util.zip.Inflater::end (37 bytes)
Event: 21.445 Thread 0x0000012d782a1d20 nmethod 3771 0x0000012d6e0a9e90 code [0x0000012d6e0aa060, 0x0000012d6e0aa368]
Event: 21.450 Thread 0x0000012d75a0fc90 nmethod 3767 0x0000012d6e0aa590 code [0x0000012d6e0aacc0, 0x0000012d6e0adfc8]
Event: 21.451 Thread 0x0000012d782a1d20 3772  s    1       java.util.zip.Inflater$InflaterZStreamRef::run (21 bytes)
Event: 21.451 Thread 0x0000012d782a1d20 nmethod 3772 0x0000012d6e0b1190 code [0x0000012d6e0b1320, 0x0000012d6e0b14c8]
Event: 21.452 Thread 0x0000012d782a1d20 3774       1       jdk.internal.module.SystemModuleFinders$SystemModuleReader::read (25 bytes)
Event: 21.452 Thread 0x0000012d75a0fc90 3775       1       jdk.internal.module.SystemModuleFinders$SystemModuleReader::findImageLocation (42 bytes)
Event: 21.452 Thread 0x0000012d765d1240 3776       1       jdk.internal.jimage.ImageReader::findLocation (14 bytes)
Event: 21.452 Thread 0x0000012d75a0fc90 nmethod 3775 0x0000012d6e0b1590 code [0x0000012d6e0b1760, 0x0000012d6e0b1a58]
Event: 21.452 Thread 0x0000012d782a1d20 nmethod 3774 0x0000012d6e0b1c10 code [0x0000012d6e0b1de0, 0x0000012d6e0b2138]
Event: 21.452 Thread 0x0000012d75a0fc90 3777       1       io.github.classgraph.Scanner$ClassfileScannerWorkUnitProcessor::processWorkUnit (11 bytes)
Event: 21.452 Thread 0x0000012d782a1d20 3778   !   1       io.github.classgraph.Classfile::<init> (860 bytes)
Event: 21.453 Thread 0x0000012d75a0fc90 nmethod 3777 0x0000012d6e0b2310 code [0x0000012d6e0b24a0, 0x0000012d6e0b25a8]
Event: 21.453 Thread 0x0000012d75a0fc90 3784   !   1       jdk.internal.jimage.decompressor.Decompressor::decompressResource (260 bytes)
Event: 21.453 Thread 0x0000012d765d1240 nmethod 3776 0x0000012d6e0b2690 code [0x0000012d6e0b2840, 0x0000012d6e0b29d8]

GC Heap History (20 events):
Event: 19.594 GC heap after
{Heap after GC invocations=9 (full 0):
 garbage-first heap   total 51200K, used 23367K [0x00000000c0000000, 0x0000000100000000)
  region size 1024K, 3 young (3072K), 3 survivors (3072K)
 Metaspace       used 35523K, committed 35904K, reserved 1081344K
  class space    used 4598K, committed 4736K, reserved 1048576K
}
Event: 19.674 GC heap before
{Heap before GC invocations=9 (full 0):
 garbage-first heap   total 51200K, used 36679K [0x00000000c0000000, 0x0000000100000000)
  region size 1024K, 17 young (17408K), 3 survivors (3072K)
 Metaspace       used 35523K, committed 35904K, reserved 1081344K
  class space    used 4598K, committed 4736K, reserved 1048576K
}
Event: 19.679 GC heap after
{Heap after GC invocations=10 (full 0):
 garbage-first heap   total 51200K, used 26581K [0x00000000c0000000, 0x0000000100000000)
  region size 1024K, 2 young (2048K), 2 survivors (2048K)
 Metaspace       used 35523K, committed 35904K, reserved 1081344K
  class space    used 4598K, committed 4736K, reserved 1048576K
}
Event: 19.733 GC heap before
{Heap before GC invocations=10 (full 0):
 garbage-first heap   total 51200K, used 36821K [0x00000000c0000000, 0x0000000100000000)
  region size 1024K, 13 young (13312K), 2 survivors (2048K)
 Metaspace       used 35523K, committed 35904K, reserved 1081344K
  class space    used 4598K, committed 4736K, reserved 1048576K
}
Event: 19.737 GC heap after
{Heap after GC invocations=11 (full 0):
 garbage-first heap   total 51200K, used 28852K [0x00000000c0000000, 0x0000000100000000)
  region size 1024K, 2 young (2048K), 2 survivors (2048K)
 Metaspace       used 35523K, committed 35904K, reserved 1081344K
  class space    used 4598K, committed 4736K, reserved 1048576K
}
Event: 19.894 GC heap before
{Heap before GC invocations=12 (full 0):
 garbage-first heap   total 53248K, used 39092K [0x00000000c0000000, 0x0000000100000000)
  region size 1024K, 12 young (12288K), 2 survivors (2048K)
 Metaspace       used 35631K, committed 36096K, reserved 1081344K
  class space    used 4616K, committed 4864K, reserved 1048576K
}
Event: 19.898 GC heap after
{Heap after GC invocations=13 (full 0):
 garbage-first heap   total 53248K, used 30938K [0x00000000c0000000, 0x0000000100000000)
  region size 1024K, 2 young (2048K), 2 survivors (2048K)
 Metaspace       used 35631K, committed 36096K, reserved 1081344K
  class space    used 4616K, committed 4864K, reserved 1048576K
}
Event: 19.958 GC heap before
{Heap before GC invocations=13 (full 0):
 garbage-first heap   total 53248K, used 40154K [0x00000000c0000000, 0x0000000100000000)
  region size 1024K, 11 young (11264K), 2 survivors (2048K)
 Metaspace       used 35631K, committed 36096K, reserved 1081344K
  class space    used 4616K, committed 4864K, reserved 1048576K
}
Event: 19.962 GC heap after
{Heap after GC invocations=14 (full 0):
 garbage-first heap   total 53248K, used 32443K [0x00000000c0000000, 0x0000000100000000)
  region size 1024K, 2 young (2048K), 2 survivors (2048K)
 Metaspace       used 35631K, committed 36096K, reserved 1081344K
  class space    used 4616K, committed 4864K, reserved 1048576K
}
Event: 20.026 GC heap before
{Heap before GC invocations=14 (full 0):
 garbage-first heap   total 68608K, used 40635K [0x00000000c0000000, 0x0000000100000000)
  region size 1024K, 10 young (10240K), 2 survivors (2048K)
 Metaspace       used 35631K, committed 36096K, reserved 1081344K
  class space    used 4616K, committed 4864K, reserved 1048576K
}
Event: 20.030 GC heap after
{Heap after GC invocations=15 (full 0):
 garbage-first heap   total 103424K, used 33791K [0x00000000c0000000, 0x0000000100000000)
  region size 1024K, 2 young (2048K), 2 survivors (2048K)
 Metaspace       used 35631K, committed 36096K, reserved 1081344K
  class space    used 4616K, committed 4864K, reserved 1048576K
}
Event: 20.246 GC heap before
{Heap before GC invocations=16 (full 0):
 garbage-first heap   total 103424K, used 71679K [0x00000000c0000000, 0x0000000100000000)
  region size 1024K, 39 young (39936K), 2 survivors (2048K)
 Metaspace       used 35631K, committed 36096K, reserved 1081344K
  class space    used 4616K, committed 4864K, reserved 1048576K
}
Event: 20.258 GC heap after
{Heap after GC invocations=17 (full 0):
 garbage-first heap   total 103424K, used 43628K [0x00000000c0000000, 0x0000000100000000)
  region size 1024K, 5 young (5120K), 5 survivors (5120K)
 Metaspace       used 35631K, committed 36096K, reserved 1081344K
  class space    used 4616K, committed 4864K, reserved 1048576K
}
Event: 20.998 GC heap before
{Heap before GC invocations=17 (full 0):
 garbage-first heap   total 103424K, used 73324K [0x00000000c0000000, 0x0000000100000000)
  region size 1024K, 34 young (34816K), 5 survivors (5120K)
 Metaspace       used 35633K, committed 36096K, reserved 1081344K
  class space    used 4617K, committed 4864K, reserved 1048576K
}
Event: 21.010 GC heap after
{Heap after GC invocations=18 (full 0):
 garbage-first heap   total 103424K, used 51938K [0x00000000c0000000, 0x0000000100000000)
  region size 1024K, 5 young (5120K), 5 survivors (5120K)
 Metaspace       used 35633K, committed 36096K, reserved 1081344K
  class space    used 4617K, committed 4864K, reserved 1048576K
}
Event: 21.186 GC heap before
{Heap before GC invocations=18 (full 0):
 garbage-first heap   total 103424K, used 66274K [0x00000000c0000000, 0x0000000100000000)
  region size 1024K, 20 young (20480K), 5 survivors (5120K)
 Metaspace       used 35633K, committed 36096K, reserved 1081344K
  class space    used 4617K, committed 4864K, reserved 1048576K
}
Event: 21.198 GC heap after
{Heap after GC invocations=19 (full 0):
 garbage-first heap   total 103424K, used 60012K [0x00000000c0000000, 0x0000000100000000)
  region size 1024K, 4 young (4096K), 4 survivors (4096K)
 Metaspace       used 35633K, committed 36096K, reserved 1081344K
  class space    used 4617K, committed 4864K, reserved 1048576K
}
Event: 21.414 GC heap before
{Heap before GC invocations=20 (full 0):
 garbage-first heap   total 111616K, used 75372K [0x00000000c0000000, 0x0000000100000000)
  region size 1024K, 20 young (20480K), 4 survivors (4096K)
 Metaspace       used 35693K, committed 36160K, reserved 1081344K
  class space    used 4627K, committed 4864K, reserved 1048576K
}
Event: 21.444 GC heap after
{Heap after GC invocations=21 (full 0):
 garbage-first heap   total 111616K, used 65132K [0x00000000c0000000, 0x0000000100000000)
  region size 1024K, 3 young (3072K), 3 survivors (3072K)
 Metaspace       used 35693K, committed 36160K, reserved 1081344K
  class space    used 4627K, committed 4864K, reserved 1048576K
}
Event: 21.453 GC heap before
{Heap before GC invocations=21 (full 0):
 garbage-first heap   total 111616K, used 66156K [0x00000000c0000000, 0x0000000100000000)
  region size 1024K, 5 young (5120K), 3 survivors (3072K)
 Metaspace       used 35693K, committed 36160K, reserved 1081344K
  class space    used 4627K, committed 4864K, reserved 1048576K
}

Dll operation events (8 events):
Event: 0.018 Loaded shared library c:\Users\rober\.vscode\extensions\redhat.java-1.14.0-win32-x64\jre\17.0.5-win32-x86_64\bin\java.dll
Event: 0.581 Loaded shared library C:\Users\rober\.vscode\extensions\redhat.java-1.14.0-win32-x64\jre\17.0.5-win32-x86_64\bin\net.dll
Event: 0.585 Loaded shared library C:\Users\rober\.vscode\extensions\redhat.java-1.14.0-win32-x64\jre\17.0.5-win32-x86_64\bin\nio.dll
Event: 0.605 Loaded shared library C:\Users\rober\.vscode\extensions\redhat.java-1.14.0-win32-x64\jre\17.0.5-win32-x86_64\bin\zip.dll
Event: 1.132 Loaded shared library C:\Users\rober\.vscode\extensions\redhat.java-1.14.0-win32-x64\jre\17.0.5-win32-x86_64\bin\jimage.dll
Event: 1.767 Loaded shared library c:\Users\rober\.vscode\extensions\redhat.java-1.14.0-win32-x64\jre\17.0.5-win32-x86_64\bin\verify.dll
Event: 16.633 Loaded shared library C:\Users\rober\.vscode\extensions\redhat.java-1.14.0-win32-x64\jre\17.0.5-win32-x86_64\bin\management.dll
Event: 16.679 Loaded shared library C:\Users\rober\.vscode\extensions\redhat.java-1.14.0-win32-x64\jre\17.0.5-win32-x86_64\bin\management_ext.dll

Deoptimization events (10 events):
Event: 8.825 Thread 0x0000012d6abd2ad0 DEOPT PACKING pc=0x0000012d6dc79119 sp=0x00000017422fd810
Event: 8.825 Thread 0x0000012d6abd2ad0 DEOPT UNPACKING pc=0x0000012d6d8b2b43 sp=0x00000017422fccf0 mode 3
Event: 18.757 Thread 0x0000012d7851f660 DEOPT PACKING pc=0x0000012d6df6fcb5 sp=0x00000017443fde20
Event: 18.757 Thread 0x0000012d7851f660 DEOPT UNPACKING pc=0x0000012d6d8b2b43 sp=0x00000017443fd348 mode 3
Event: 19.240 Thread 0x0000012d78540d30 DEOPT PACKING pc=0x0000012d6df9292b sp=0x00000017445fe5a0
Event: 19.240 Thread 0x0000012d78540d30 DEOPT UNPACKING pc=0x0000012d6d8b2b43 sp=0x00000017445fdae8 mode 3
Event: 19.740 Thread 0x0000012d7857e170 DEOPT PACKING pc=0x0000012d6dc70181 sp=0x00000017447ff1d0
Event: 19.740 Thread 0x0000012d7857e170 DEOPT UNPACKING pc=0x0000012d6d8b2b43 sp=0x00000017447fe660 mode 3
Event: 20.848 Thread 0x0000012d7857e640 DEOPT PACKING pc=0x0000012d6dc7a217 sp=0x00000017449ff270
Event: 20.849 Thread 0x0000012d7857e640 DEOPT UNPACKING pc=0x0000012d6d8b2b43 sp=0x00000017449fe6c8 mode 3

Classes unloaded (0 events):
No events

Classes redefined (0 events):
No events

Internal exceptions (20 events):
Event: 19.438 Thread 0x0000012d7857e170 Exception <a 'sun/nio/fs/WindowsException'{0x00000000c5f54e30}> (0x00000000c5f54e30) 
thrown [s\src\hotspot\share\prims\jni.cpp, line 516]
Event: 19.438 Thread 0x0000012d7857e170 Exception <a 'sun/nio/fs/WindowsException'{0x00000000c5f55200}> (0x00000000c5f55200) 
thrown [s\src\hotspot\share\prims\jni.cpp, line 516]
Event: 19.438 Thread 0x0000012d7857e170 Exception <a 'sun/nio/fs/WindowsException'{0x00000000c5f55c38}> (0x00000000c5f55c38) 
thrown [s\src\hotspot\share\prims\jni.cpp, line 516]
Event: 19.438 Thread 0x0000012d7857e170 Exception <a 'sun/nio/fs/WindowsException'{0x00000000c5f56040}> (0x00000000c5f56040) 
thrown [s\src\hotspot\share\prims\jni.cpp, line 516]
Event: 19.438 Thread 0x0000012d7857e170 Exception <a 'sun/nio/fs/WindowsException'{0x00000000c4a95090}> (0x00000000c4a95090) 
thrown [s\src\hotspot\share\prims\jni.cpp, line 516]
Event: 19.438 Thread 0x0000012d7857e170 Exception <a 'sun/nio/fs/WindowsException'{0x00000000c4a95468}> (0x00000000c4a95468) 
thrown [s\src\hotspot\share\prims\jni.cpp, line 516]
Event: 19.439 Thread 0x0000012d7857e170 Exception <a 'sun/nio/fs/WindowsException'{0x00000000c4a95e50}> (0x00000000c4a95e50) 
thrown [s\src\hotspot\share\prims\jni.cpp, line 516]
Event: 19.439 Thread 0x0000012d7857e170 Exception <a 'sun/nio/fs/WindowsException'{0x00000000c4a961f0}> (0x00000000c4a961f0) 
thrown [s\src\hotspot\share\prims\jni.cpp, line 516]
Event: 19.439 Thread 0x0000012d7857e170 Exception <a 'sun/nio/fs/WindowsException'{0x00000000c4a96be8}> (0x00000000c4a96be8) 
thrown [s\src\hotspot\share\prims\jni.cpp, line 516]
Event: 19.439 Thread 0x0000012d7857e170 Exception <a 'sun/nio/fs/WindowsException'{0x00000000c4a96fa0}> (0x00000000c4a96fa0) 
thrown [s\src\hotspot\share\prims\jni.cpp, line 516]
Event: 19.439 Thread 0x0000012d7857e170 Exception <a 'sun/nio/fs/WindowsException'{0x00000000c4a97988}> (0x00000000c4a97988) 
thrown [s\src\hotspot\share\prims\jni.cpp, line 516]
Event: 19.439 Thread 0x0000012d7857e170 Exception <a 'sun/nio/fs/WindowsException'{0x00000000c4a97d30}> (0x00000000c4a97d30) 
thrown [s\src\hotspot\share\prims\jni.cpp, line 516]
Event: 19.440 Thread 0x0000012d7857e170 Exception <a 'sun/nio/fs/WindowsException'{0x00000000c4a98728}> (0x00000000c4a98728) 
thrown [s\src\hotspot\share\prims\jni.cpp, line 516]
Event: 19.440 Thread 0x0000012d7857e170 Exception <a 'sun/nio/fs/WindowsException'{0x00000000c4a98ae0}> (0x00000000c4a98ae0) 
thrown [s\src\hotspot\share\prims\jni.cpp, line 516]
Event: 19.440 Thread 0x0000012d7857e170 Exception <a 'sun/nio/fs/WindowsException'{0x00000000c4a994f0}> (0x00000000c4a994f0) 
thrown [s\src\hotspot\share\prims\jni.cpp, line 516]
Event: 19.440 Thread 0x0000012d7857e170 Exception <a 'sun/nio/fs/WindowsException'{0x00000000c4a998c8}> (0x00000000c4a998c8) 
thrown [s\src\hotspot\share\prims\jni.cpp, line 516]
Event: 19.440 Thread 0x0000012d7857e170 Exception <a 'sun/nio/fs/WindowsException'{0x00000000c4a9a2f0}> (0x00000000c4a9a2f0) 
thrown [s\src\hotspot\share\prims\jni.cpp, line 516]
Event: 19.440 Thread 0x0000012d7857e170 Exception <a 'sun/nio/fs/WindowsException'{0x00000000c4a9a6e0}> (0x00000000c4a9a6e0) 
thrown [s\src\hotspot\share\prims\jni.cpp, line 516]
Event: 19.440 Thread 0x0000012d7857e170 Exception <a 'sun/nio/fs/WindowsException'{0x00000000c4a9b100}> (0x00000000c4a9b100) 
thrown [s\src\hotspot\share\prims\jni.cpp, line 516]
Event: 19.440 Thread 0x0000012d7857e170 Exception <a 'sun/nio/fs/WindowsException'{0x00000000c4a9b4e8}> (0x00000000c4a9b4e8) 
thrown [s\src\hotspot\share\prims\jni.cpp, line 516]

VM Operations (20 events):
Event: 20.011 Executing VM operation: G1Concurrent done
Event: 20.026 Executing VM operation: G1CollectForAllocation
Event: 20.030 Executing VM operation: G1CollectForAllocation done
Event: 20.034 Executing VM operation: G1Concurrent
Event: 20.034 Executing VM operation: G1Concurrent done
Event: 20.137 Executing VM operation: HandshakeAllThreads
Event: 20.137 Executing VM operation: HandshakeAllThreads done
Event: 20.245 Executing VM operation: G1CollectForAllocation
Event: 20.258 Executing VM operation: G1CollectForAllocation done
Event: 20.997 Executing VM operation: G1CollectForAllocation
Event: 21.011 Executing VM operation: G1CollectForAllocation done
Event: 21.186 Executing VM operation: G1TryInitiateConcMark
Event: 21.198 Executing VM operation: G1TryInitiateConcMark done
Event: 21.286 Executing VM operation: G1Concurrent
Event: 21.290 Executing VM operation: G1Concurrent done
Event: 21.329 Executing VM operation: G1Concurrent
Event: 21.369 Executing VM operation: G1Concurrent done
Event: 21.404 Executing VM operation: G1CollectForAllocation
Event: 21.446 Executing VM operation: G1CollectForAllocation done
Event: 21.453 Executing VM operation: G1CollectForAllocation

Events (20 events):
Event: 19.756 loading class java/util/stream/Collectors$1PairBox
Event: 19.756 loading class java/util/stream/Collectors$1PairBox done
Event: 19.757 loading class java/util/concurrent/locks/AbstractQueuedSynchronizer$SharedNode
Event: 19.757 loading class java/util/concurrent/locks/AbstractQueuedSynchronizer$SharedNode done
Event: 19.757 loading class jdk/internal/module/SystemModuleFinders$ModuleContentSpliterator
Event: 19.757 loading class jdk/internal/module/SystemModuleFinders$ModuleContentSpliterator done
Event: 19.758 loading class jdk/internal/jimage/ImageReader$Directory
Event: 19.758 loading class jdk/internal/jimage/ImageReader$Node
Event: 19.758 loading class jdk/internal/jimage/ImageReader$Node done
Event: 19.758 loading class jdk/internal/jimage/ImageReader$Directory done
Event: 19.758 loading class jdk/internal/jimage/ImageReader$SharedImageReader$LocationVisitor
Event: 19.758 loading class jdk/internal/jimage/ImageReader$SharedImageReader$LocationVisitor done
Event: 19.759 loading class java/nio/ByteBufferAsIntBufferL
Event: 19.760 loading class java/nio/ByteBufferAsIntBufferL done
Event: 19.762 loading class jdk/internal/jimage/ImageReader$Resource
Event: 19.762 loading class jdk/internal/jimage/ImageReader$Resource done
Event: 19.762 loading class java/util/stream/LongStream
Event: 19.763 loading class java/util/stream/LongStream done
Event: 19.763 loading class java/util/stream/DoubleStream
Event: 19.765 loading class java/util/stream/DoubleStream done


Dynamic libraries:
0x00007ff6c9620000 - 0x00007ff6c962e000 	c:\Users\rober\.vscode\extensions\redhat.java-1.14.0-win32-x64\jre\17.0.5-win32-x86_64\bin\java.exe
0x00007ffec7450000 - 0x00007ffec7648000 	C:\Windows\SYSTEM32\ntdll.dll
0x00007ffec5a30000 - 0x00007ffec5aef000 	C:\Windows\System32\KERNEL32.DLL
0x00007ffec4e30000 - 0x00007ffec5102000 	C:\Windows\System32\KERNELBASE.dll
0x00007ffec5140000 - 0x00007ffec5240000 	C:\Windows\System32\ucrtbase.dll
0x00007ffeacad0000 - 0x00007ffeacae7000 	c:\Users\rober\.vscode\extensions\redhat.java-1.14.0-win32-x64\jre\17.0.5-win32-x86_64\bin\jli.dll
0x00007ffec63b0000 - 0x00007ffec6551000 	C:\Windows\System32\USER32.dll
0x00007ffec5110000 - 0x00007ffec5132000 	C:\Windows\System32\win32u.dll
0x00007ffec5af0000 - 0x00007ffec5b1b000 	C:\Windows\System32\GDI32.dll
0x00007ffec4bf0000 - 0x00007ffec4cff000 	C:\Windows\System32\gdi32full.dll
0x00007ffec4d90000 - 0x00007ffec4e2d000 	C:\Windows\System32\msvcp_win.dll
0x00007ffeacab0000 - 0x00007ffeacac9000 	c:\Users\rober\.vscode\extensions\redhat.java-1.14.0-win32-x64\jre\17.0.5-win32-x86_64\bin\VCRUNTIME140.dll
0x00007ffeb2650000 - 0x00007ffeb28ea000 	C:\Windows\WinSxS\amd64_microsoft.windows.common-controls_6595b64144ccf1df_6.0.19041.1110_none_60b5254171f9507e\COMCTL32.dll
0x00007ffec7050000 - 0x00007ffec70ee000 	C:\Windows\System32\msvcrt.dll
0x00007ffec70f0000 - 0x00007ffec7122000 	C:\Windows\System32\IMM32.DLL
0x00007ffeacaa0000 - 0x00007ffeacaac000 	c:\Users\rober\.vscode\extensions\redhat.java-1.14.0-win32-x64\jre\17.0.5-win32-x86_64\bin\vcruntime140_1.dll
0x00007ffe6db90000 - 0x00007ffe6dc21000 	c:\Users\rober\.vscode\extensions\redhat.java-1.14.0-win32-x64\jre\17.0.5-win32-x86_64\bin\msvcp140.dll
0x00007ffe6cf40000 - 0x00007ffe6db84000 	c:\Users\rober\.vscode\extensions\redhat.java-1.14.0-win32-x64\jre\17.0.5-win32-x86_64\bin\server\jvm.dll
0x00007ffec5d80000 - 0x00007ffec5e2e000 	C:\Windows\System32\ADVAPI32.dll
0x00007ffec7250000 - 0x00007ffec72ec000 	C:\Windows\System32\sechost.dll
0x00007ffec5b20000 - 0x00007ffec5c45000 	C:\Windows\System32\RPCRT4.dll
0x00007ffead980000 - 0x00007ffead989000 	C:\Windows\SYSTEM32\WSOCK32.dll
0x00007ffec6320000 - 0x00007ffec638b000 	C:\Windows\System32\WS2_32.dll
0x00007ffebab70000 - 0x00007ffebab97000 	C:\Windows\SYSTEM32\WINMM.dll
0x00007ffebcee0000 - 0x00007ffebceea000 	C:\Windows\SYSTEM32\VERSION.dll
0x00007ffec3390000 - 0x00007ffec33a2000 	C:\Windows\SYSTEM32\kernel.appcore.dll
0x00007ffeaa280000 - 0x00007ffeaa28a000 	c:\Users\rober\.vscode\extensions\redhat.java-1.14.0-win32-x64\jre\17.0.5-win32-x86_64\bin\jimage.dll
0x00007ffec27d0000 - 0x00007ffec29b4000 	C:\Windows\SYSTEM32\DBGHELP.DLL
0x00007ffeb02b0000 - 0x00007ffeb02e5000 	C:\Windows\SYSTEM32\dbgcore.DLL
0x00007ffec4d00000 - 0x00007ffec4d82000 	C:\Windows\System32\bcryptPrimitives.dll
0x00007ffea40c0000 - 0x00007ffea40e5000 	c:\Users\rober\.vscode\extensions\redhat.java-1.14.0-win32-x64\jre\17.0.5-win32-x86_64\bin\java.dll
0x00007ffe9d810000 - 0x00007ffe9d828000 	c:\Users\rober\.vscode\extensions\redhat.java-1.14.0-win32-x64\jre\17.0.5-win32-x86_64\bin\zip.dll
0x00007ffec6810000 - 0x00007ffec6f54000 	C:\Windows\System32\SHELL32.dll
0x00007ffec2be0000 - 0x00007ffec3372000 	C:\Windows\SYSTEM32\windows.storage.dll
0x00007ffec5f10000 - 0x00007ffec6265000 	C:\Windows\System32\combase.dll
0x00007ffec4530000 - 0x00007ffec4560000 	C:\Windows\SYSTEM32\Wldp.dll
0x00007ffec71a0000 - 0x00007ffec724d000 	C:\Windows\System32\SHCORE.dll
0x00007ffec6ff0000 - 0x00007ffec7045000 	C:\Windows\System32\shlwapi.dll
0x00007ffec4a80000 - 0x00007ffec4a9f000 	C:\Windows\SYSTEM32\profapi.dll
0x00007ffe7ee40000 - 0x00007ffe7ee59000 	C:\Users\rober\.vscode\extensions\redhat.java-1.14.0-win32-x64\jre\17.0.5-win32-x86_64\bin\net.dll
0x00007ffeba000000 - 0x00007ffeba10c000 	C:\Windows\SYSTEM32\WINHTTP.dll
0x00007ffec4220000 - 0x00007ffec428a000 	C:\Windows\system32\mswsock.dll
0x00007ffe75940000 - 0x00007ffe75955000 	C:\Users\rober\.vscode\extensions\redhat.java-1.14.0-win32-x64\jre\17.0.5-win32-x86_64\bin\nio.dll
0x00007ffea3950000 - 0x00007ffea3960000 	c:\Users\rober\.vscode\extensions\redhat.java-1.14.0-win32-x64\jre\17.0.5-win32-x86_64\bin\verify.dll
0x00007ffec4420000 - 0x00007ffec4438000 	C:\Windows\SYSTEM32\CRYPTSP.dll
0x00007ffec3b40000 - 0x00007ffec3b74000 	C:\Windows\system32\rsaenh.dll
0x00007ffec5460000 - 0x00007ffec5487000 	C:\Windows\System32\bcrypt.dll
0x00007ffec4a40000 - 0x00007ffec4a6e000 	C:\Windows\SYSTEM32\USERENV.dll
0x00007ffec4410000 - 0x00007ffec441c000 	C:\Windows\SYSTEM32\CRYPTBASE.dll
0x00007ffec3f10000 - 0x00007ffec3f4b000 	C:\Windows\SYSTEM32\IPHLPAPI.DLL
0x00007ffec6560000 - 0x00007ffec6568000 	C:\Windows\System32\NSI.dll
0x00007ffebabe0000 - 0x00007ffebabf7000 	C:\Windows\SYSTEM32\dhcpcsvc6.DLL
0x00007ffebcb50000 - 0x00007ffebcb6d000 	C:\Windows\SYSTEM32\dhcpcsvc.DLL
0x00007ffec3f50000 - 0x00007ffec401a000 	C:\Windows\SYSTEM32\DNSAPI.dll
0x00007ffec1e20000 - 0x00007ffec1e29000 	C:\Users\rober\.vscode\extensions\redhat.java-1.14.0-win32-x64\jre\17.0.5-win32-x86_64\bin\management.dll
0x00007ffebef80000 - 0x00007ffebef8b000 	C:\Users\rober\.vscode\extensions\redhat.java-1.14.0-win32-x64\jre\17.0.5-win32-x86_64\bin\management_ext.dll
0x00007ffec7190000 - 0x00007ffec7198000 	C:\Windows\System32\PSAPI.DLL

dbghelp: loaded successfully - version: 4.0.5 - missing functions: none
symbol engine: initialized successfully - sym options: 0x614 - pdb path: .;c:\Users\rober\.vscode\extensions\redhat.java-1.14.0-win32-x64\jre\17.0.5-win32-x86_64\bin;C:\Windows\SYSTEM32;C:\Windows\WinSxS\amd64_microsoft.windows.common-controls_6595b64144ccf1df_6.0.19041.1110_none_60b5254171f9507e;c:\Users\rober\.vscode\extensions\redhat.java-1.14.0-win32-x64\jre\17.0.5-win32-x86_64\bin\server

VM Arguments:
jvm_args: -XX:+HeapDumpOnOutOfMemoryError -Xmx1024m -Dsts.lsp.client=vscode -Dsts.log.file=/dev/null -XX:TieredStopAtLevel=1 -Xlog:jni+resolve=off -Dspring.config.location=file:c:\Users\rober\.vscode\extensions\vmware.vscode-spring-boot-1.44.0\language-server\BOOT-INF\classes\application.properties 
java_command: org.springframework.ide.vscode.boot.app.BootLanguageServerBootApp
java_class_path (initial): c:\Users\rober\.vscode\extensions\vmware.vscode-spring-boot-1.44.0\language-server\BOOT-INF\classes;c:\Users\rober\.vscode\extensions\vmware.vscode-spring-boot-1.44.0\language-server\BOOT-INF\lib\annotations-24.0.0.jar;c:\Users\rober\.vscode\extensions\vmware.vscode-spring-boot-1.44.0\language-server\BOOT-INF\lib\ant-1.10.13.jar;c:\Users\rober\.vscode\extensions\vmware.vscode-spring-boot-1.44.0\language-server\BOOT-INF\lib\ant-launcher-1.10.13.jar;c:\Users\rober\.vscode\extensions\vmware.vscode-spring-boot-1.44.0\language-server\BOOT-INF\lib\antlr-runtime-3.5.2.jar;c:\Users\rober\.vscode\extensions\vmware.vscode-spring-boot-1.44.0\language-server\BOOT-INF\lib\antlr4-4.9.3.jar;c:\Users\rober\.vscode\extensions\vmware.vscode-spring-boot-1.44.0\language-server\BOOT-INF\lib\antlr4-runtime-4.9.3.jar;c:\Users\rober\.vscode\extensions\vmware.vscode-spring-boot-1.44.0\language-server\BOOT-INF\lib\apiguardian-api-1.1.2.jar;c:\Users\rober\.vscode\extensions\vmware.vscode-spring-boot-1.44.0\language-server\BOOT-INF\lib\asm-9.4.jar;c:\Users\rober\.vscode\extensions\vmware.vscode-spring-boot-1.44.0\language-server\BOOT-INF\lib\asm-analysis-9.4.jar;c:\Users\rober\.vscode\extensions\vmware.vscode-spring-boot-1.44.0\language-server\BOOT-INF\lib\asm-tree-9.4.jar;c:\Users\rober\.vscode\extensions\vmware.vscode-spring-boot-1.44.0\language-server\BOOT-INF\lib\asm-util-9.4.jar;c:\Users\rober\.vscode\extensions\vmware.vscode-spring-boot-1.44.0\language-server\BOOT-INF\lib\caffeine-3.1.2.jar;c:\Users\rober\.vscode\extensions\vmware.vscode-spring-boot-1.44.0\language-server\BOOT-INF\lib\checker-qual-3.12.0.jar;c:\Users\rober\.vscode\extensions\vmware.vscode-spring-boot-1.44.0\language-server\BOOT-INF\lib\ci-environment-9.1.0.jar;c:\Users\rober\.vscode\extensions\vmware.vscode-spring-boot-1.44.0\language-server\BOOT-INF\lib\classgraph-4.8.149.jar;c:\Users\rober\.vscode\extensions\vmware.vscode-spring-boot-1.44.0\language-server\BOOT-INF\lib\commons-codec-1.15.ja
Launcher Type: SUN_STANDARD

[Global flags]
     intx CICompilerCount                          = 4                                         {product} {ergonomic}
     uint ConcGCThreads                            = 2                                         {product} {ergonomic}
     uint G1ConcRefinementThreads                  = 8                                         {product} {ergonomic}
   size_t G1HeapRegionSize                         = 1048576                                   {product} {ergonomic}
    uintx GCDrainStackTargetSize                   = 64                                        {product} {ergonomic}
     bool HeapDumpOnOutOfMemoryError               = true                                   {manageable} {command line}
   size_t InitialHeapSize                          = 100663296                                 {product} {ergonomic}
   size_t MarkStackSize                            = 4194304                                   {product} {ergonomic}
   size_t MaxHeapSize                              = 1073741824                                {product} {command line}
   size_t MaxNewSize                               = 643825664                                 {product} {ergonomic}
   size_t MinHeapDeltaBytes                        = 1048576                                   {product} {ergonomic}
   size_t MinHeapSize                              = 8388608                                   {product} {ergonomic}
    uintx NonProfiledCodeHeapSize                  = 0                                      {pd product} {ergonomic}
     bool ProfileInterpreter                       = false                                  {pd product} {command line}
    uintx ProfiledCodeHeapSize                     = 0                                      {pd product} {ergonomic}
   size_t SoftMaxHeapSize                          = 1073741824                             {manageable} {ergonomic}
     intx TieredStopAtLevel                        = 1                                         {product} {command line}
     bool UseCompressedClassPointers               = true                           {product lp64_product} {ergonomic}
     bool UseCompressedOops                        = true                           {product lp64_product} {ergonomic}
     bool UseG1GC                                  = true                                      {product} {ergonomic}
     bool UseLargePagesIndividualAllocation        = false                                  {pd product} {ergonomic}

Logging:
Log output configuration:
 #0: stdout all=warning,jni+resolve=off uptime,level,tags
 #1: stderr all=off uptime,level,tags

Environment Variables:
PATH=C:\Program Files\Common Files\Oracle\Java\javapath;C:\Windows\system32;C:\Windows;C:\Windows\System32\Wbem;C:\Windows\System32\WindowsPowerShell\v1.0\;C:\Windows\System32\OpenSSH\;C:\Gradle\gradle-7.6\bin;C:\Program Files\Git\cmd;C:\Php;C:\Program Files\OpenSSL-Win64\bin;C:\ProgramData\ComposerSetup\bin;C:\Program Files\nodejs\;C:\Users\rober\AppData\Local\Programs\Python\Python310\Scripts\;C:\Users\rober\AppData\Local\Programs\Python\Python310\;C:\Users\rober\AppData\Local\Microsoft\WindowsApps;C:\Users\rober\AppData\Local\Programs\Microsoft VS Code\bin;C:\Users\rober\AppData\Roaming\Composer\vendor\bin;C:\Users\rober\AppData\Roaming\npm
USERNAME=rober
OS=Windows_NT
PROCESSOR_IDENTIFIER=AMD64 Family 23 Model 24 Stepping 1, AuthenticAMD
TMP=C:\Users\rober\AppData\Local\Temp
TEMP=C:\Users\rober\AppData\Local\Temp



---------------  S Y S T E M  ---------------

OS:
 Windows 10 , 64 bit Build 19041 (10.0.19041.2364)
OS uptime: 1 days 7:57 hours

CPU: total 8 (initial active 8) (8 cores per cpu, 2 threads per core) family 23 model 24 stepping 1 microcode 0x0, cx8, cmov, fxsr, ht, mmx, 3dnowpref, sse, sse2, sse3, ssse3, sse4a, sse4.1, sse4.2, popcnt, lzcnt, tsc, tscinvbit, avx, avx2, aes, clmul, bmi1, bmi2, adx, sha, fma, vzeroupper, clflush, clflushopt

Memory: 4k page, system-wide physical 6091M (372M free)
TotalPageFile size 23731M (AvailPageFile size 28M)
current process WorkingSet (physical memory assigned to process): 203M, peak: 203M
current process commit charge ("private bytes"): 244M, peak: 353M

vm_info: OpenJDK 64-Bit Server VM (17.0.5+8) for windows-amd64 JRE (17.0.5+8), built on Oct 19 2022 04:48:13 by "temurin" with MS VC++ 16.7 (VS2019)

END.
